
AVRASM ver. 2.1.30  C:\Users\Top\Desktop\mft\Debug\List\final.asm Thu Mar 27 01:27:37 2025

C:\Users\Top\Desktop\mft\Debug\List\final.asm(1088): warning: Register r4 already defined by the .DEF directive
C:\Users\Top\Desktop\mft\Debug\List\final.asm(1089): warning: Register r5 already defined by the .DEF directive
C:\Users\Top\Desktop\mft\Debug\List\final.asm(1090): warning: Register r6 already defined by the .DEF directive
C:\Users\Top\Desktop\mft\Debug\List\final.asm(1091): warning: Register r7 already defined by the .DEF directive
C:\Users\Top\Desktop\mft\Debug\List\final.asm(1092): warning: Register r8 already defined by the .DEF directive
C:\Users\Top\Desktop\mft\Debug\List\final.asm(1093): warning: Register r9 already defined by the .DEF directive
C:\Users\Top\Desktop\mft\Debug\List\final.asm(1094): warning: Register r10 already defined by the .DEF directive
C:\Users\Top\Desktop\mft\Debug\List\final.asm(1095): warning: Register r11 already defined by the .DEF directive
C:\Users\Top\Desktop\mft\Debug\List\final.asm(1096): warning: Register r12 already defined by the .DEF directive
C:\Users\Top\Desktop\mft\Debug\List\final.asm(1097): warning: Register r13 already defined by the .DEF directive
                 
                 
                 ;CodeVisionAVR C Compiler V3.14 Advanced
                 ;(C) Copyright 1998-2014 Pavel Haiduc, HP InfoTech s.r.l.
                 ;http://www.hpinfotech.com
                 
                 ;Build configuration    : Debug
                 ;Chip type              : ATmega32
                 ;Program type           : Application
                 ;Clock frequency        : 1.000000 MHz
                 ;Memory model           : Small
                 ;Optimize for           : Size
                 ;(s)printf features     : int, width
                 ;(s)scanf features      : int, width
                 ;External RAM size      : 0
                 ;Data Stack size        : 512 byte(s)
                 ;Heap size              : 0 byte(s)
                 ;Promote 'char' to 'int': Yes
                 ;'char' is unsigned     : Yes
                 ;8 bit enums            : Yes
                 ;Global 'const' stored in FLASH: Yes
                 ;Enhanced function parameter passing: Yes
                 ;Enhanced core instructions: On
                 ;Automatic register allocation for global variables: On
                 ;Smart register allocation: On
                 
                 	#define _MODEL_SMALL_
                 
                 	#pragma AVRPART ADMIN PART_NAME ATmega32
                 	#pragma AVRPART MEMORY PROG_FLASH 32768
                 	#pragma AVRPART MEMORY EEPROM 1024
                 	#pragma AVRPART MEMORY INT_SRAM SIZE 2048
                 	#pragma AVRPART MEMORY INT_SRAM START_ADDR 0x60
                 
                 	#define CALL_SUPPORTED 1
                 
                 	.LISTMAC
                 	.EQU UDRE=0x5
                 	.EQU RXC=0x7
                 	.EQU USR=0xB
                 	.EQU UDR=0xC
                 	.EQU SPSR=0xE
                 	.EQU SPDR=0xF
                 	.EQU EERE=0x0
                 	.EQU EEWE=0x1
                 	.EQU EEMWE=0x2
                 	.EQU EECR=0x1C
                 	.EQU EEDR=0x1D
                 	.EQU EEARL=0x1E
                 	.EQU EEARH=0x1F
                 	.EQU WDTCR=0x21
                 	.EQU MCUCR=0x35
                 	.EQU GICR=0x3B
                 	.EQU SPL=0x3D
                 	.EQU SPH=0x3E
                 	.EQU SREG=0x3F
                 
                 	.DEF R0X0=R0
                 	.DEF R0X1=R1
                 	.DEF R0X2=R2
                 	.DEF R0X3=R3
                 	.DEF R0X4=R4
                 	.DEF R0X5=R5
                 	.DEF R0X6=R6
                 	.DEF R0X7=R7
                 	.DEF R0X8=R8
                 	.DEF R0X9=R9
                 	.DEF R0XA=R10
                 	.DEF R0XB=R11
                 	.DEF R0XC=R12
                 	.DEF R0XD=R13
                 	.DEF R0XE=R14
                 	.DEF R0XF=R15
                 	.DEF R0X10=R16
                 	.DEF R0X11=R17
                 	.DEF R0X12=R18
                 	.DEF R0X13=R19
                 	.DEF R0X14=R20
                 	.DEF R0X15=R21
                 	.DEF R0X16=R22
                 	.DEF R0X17=R23
                 	.DEF R0X18=R24
                 	.DEF R0X19=R25
                 	.DEF R0X1A=R26
                 	.DEF R0X1B=R27
                 	.DEF R0X1C=R28
                 	.DEF R0X1D=R29
                 	.DEF R0X1E=R30
                 	.DEF R0X1F=R31
                 
                 	.EQU __SRAM_START=0x0060
                 	.EQU __SRAM_END=0x085F
                 	.EQU __DSTACK_SIZE=0x0200
                 	.EQU __HEAP_SIZE=0x0000
                 	.EQU __CLEAR_SRAM_SIZE=__SRAM_END-__SRAM_START+1
                 
                 	.MACRO __CPD1N
                 	CPI  R30,LOW(@0)
                 	LDI  R26,HIGH(@0)
                 	CPC  R31,R26
                 	LDI  R26,BYTE3(@0)
                 	CPC  R22,R26
                 	LDI  R26,BYTE4(@0)
                 	CPC  R23,R26
                 	.ENDM
                 
                 	.MACRO __CPD2N
                 	CPI  R26,LOW(@0)
                 	LDI  R30,HIGH(@0)
                 	CPC  R27,R30
                 	LDI  R30,BYTE3(@0)
                 	CPC  R24,R30
                 	LDI  R30,BYTE4(@0)
                 	CPC  R25,R30
                 	.ENDM
                 
                 	.MACRO __CPWRR
                 	CP   R@0,R@2
                 	CPC  R@1,R@3
                 	.ENDM
                 
                 	.MACRO __CPWRN
                 	CPI  R@0,LOW(@2)
                 	LDI  R30,HIGH(@2)
                 	CPC  R@1,R30
                 	.ENDM
                 
                 	.MACRO __ADDB1MN
                 	SUBI R30,LOW(-@0-(@1))
                 	.ENDM
                 
                 	.MACRO __ADDB2MN
                 	SUBI R26,LOW(-@0-(@1))
                 	.ENDM
                 
                 	.MACRO __ADDW1MN
                 	SUBI R30,LOW(-@0-(@1))
                 	SBCI R31,HIGH(-@0-(@1))
                 	.ENDM
                 
                 	.MACRO __ADDW2MN
                 	SUBI R26,LOW(-@0-(@1))
                 	SBCI R27,HIGH(-@0-(@1))
                 	.ENDM
                 
                 	.MACRO __ADDW1FN
                 	SUBI R30,LOW(-2*@0-(@1))
                 	SBCI R31,HIGH(-2*@0-(@1))
                 	.ENDM
                 
                 	.MACRO __ADDD1FN
                 	SUBI R30,LOW(-2*@0-(@1))
                 	SBCI R31,HIGH(-2*@0-(@1))
                 	SBCI R22,BYTE3(-2*@0-(@1))
                 	.ENDM
                 
                 	.MACRO __ADDD1N
                 	SUBI R30,LOW(-@0)
                 	SBCI R31,HIGH(-@0)
                 	SBCI R22,BYTE3(-@0)
                 	SBCI R23,BYTE4(-@0)
                 	.ENDM
                 
                 	.MACRO __ADDD2N
                 	SUBI R26,LOW(-@0)
                 	SBCI R27,HIGH(-@0)
                 	SBCI R24,BYTE3(-@0)
                 	SBCI R25,BYTE4(-@0)
                 	.ENDM
                 
                 	.MACRO __SUBD1N
                 	SUBI R30,LOW(@0)
                 	SBCI R31,HIGH(@0)
                 	SBCI R22,BYTE3(@0)
                 	SBCI R23,BYTE4(@0)
                 	.ENDM
                 
                 	.MACRO __SUBD2N
                 	SUBI R26,LOW(@0)
                 	SBCI R27,HIGH(@0)
                 	SBCI R24,BYTE3(@0)
                 	SBCI R25,BYTE4(@0)
                 	.ENDM
                 
                 	.MACRO __ANDBMNN
                 	LDS  R30,@0+(@1)
                 	ANDI R30,LOW(@2)
                 	STS  @0+(@1),R30
                 	.ENDM
                 
                 	.MACRO __ANDWMNN
                 	LDS  R30,@0+(@1)
                 	ANDI R30,LOW(@2)
                 	STS  @0+(@1),R30
                 	LDS  R30,@0+(@1)+1
                 	ANDI R30,HIGH(@2)
                 	STS  @0+(@1)+1,R30
                 	.ENDM
                 
                 	.MACRO __ANDD1N
                 	ANDI R30,LOW(@0)
                 	ANDI R31,HIGH(@0)
                 	ANDI R22,BYTE3(@0)
                 	ANDI R23,BYTE4(@0)
                 	.ENDM
                 
                 	.MACRO __ANDD2N
                 	ANDI R26,LOW(@0)
                 	ANDI R27,HIGH(@0)
                 	ANDI R24,BYTE3(@0)
                 	ANDI R25,BYTE4(@0)
                 	.ENDM
                 
                 	.MACRO __ORBMNN
                 	LDS  R30,@0+(@1)
                 	ORI  R30,LOW(@2)
                 	STS  @0+(@1),R30
                 	.ENDM
                 
                 	.MACRO __ORWMNN
                 	LDS  R30,@0+(@1)
                 	ORI  R30,LOW(@2)
                 	STS  @0+(@1),R30
                 	LDS  R30,@0+(@1)+1
                 	ORI  R30,HIGH(@2)
                 	STS  @0+(@1)+1,R30
                 	.ENDM
                 
                 	.MACRO __ORD1N
                 	ORI  R30,LOW(@0)
                 	ORI  R31,HIGH(@0)
                 	ORI  R22,BYTE3(@0)
                 	ORI  R23,BYTE4(@0)
                 	.ENDM
                 
                 	.MACRO __ORD2N
                 	ORI  R26,LOW(@0)
                 	ORI  R27,HIGH(@0)
                 	ORI  R24,BYTE3(@0)
                 	ORI  R25,BYTE4(@0)
                 	.ENDM
                 
                 	.MACRO __DELAY_USB
                 	LDI  R24,LOW(@0)
                 __DELAY_USB_LOOP:
                 	DEC  R24
                 	BRNE __DELAY_USB_LOOP
                 	.ENDM
                 
                 	.MACRO __DELAY_USW
                 	LDI  R24,LOW(@0)
                 	LDI  R25,HIGH(@0)
                 __DELAY_USW_LOOP:
                 	SBIW R24,1
                 	BRNE __DELAY_USW_LOOP
                 	.ENDM
                 
                 	.MACRO __GETD1S
                 	LDD  R30,Y+@0
                 	LDD  R31,Y+@0+1
                 	LDD  R22,Y+@0+2
                 	LDD  R23,Y+@0+3
                 	.ENDM
                 
                 	.MACRO __GETD2S
                 	LDD  R26,Y+@0
                 	LDD  R27,Y+@0+1
                 	LDD  R24,Y+@0+2
                 	LDD  R25,Y+@0+3
                 	.ENDM
                 
                 	.MACRO __PUTD1S
                 	STD  Y+@0,R30
                 	STD  Y+@0+1,R31
                 	STD  Y+@0+2,R22
                 	STD  Y+@0+3,R23
                 	.ENDM
                 
                 	.MACRO __PUTD2S
                 	STD  Y+@0,R26
                 	STD  Y+@0+1,R27
                 	STD  Y+@0+2,R24
                 	STD  Y+@0+3,R25
                 	.ENDM
                 
                 	.MACRO __PUTDZ2
                 	STD  Z+@0,R26
                 	STD  Z+@0+1,R27
                 	STD  Z+@0+2,R24
                 	STD  Z+@0+3,R25
                 	.ENDM
                 
                 	.MACRO __CLRD1S
                 	STD  Y+@0,R30
                 	STD  Y+@0+1,R30
                 	STD  Y+@0+2,R30
                 	STD  Y+@0+3,R30
                 	.ENDM
                 
                 	.MACRO __POINTB1MN
                 	LDI  R30,LOW(@0+(@1))
                 	.ENDM
                 
                 	.MACRO __POINTW1MN
                 	LDI  R30,LOW(@0+(@1))
                 	LDI  R31,HIGH(@0+(@1))
                 	.ENDM
                 
                 	.MACRO __POINTD1M
                 	LDI  R30,LOW(@0)
                 	LDI  R31,HIGH(@0)
                 	LDI  R22,BYTE3(@0)
                 	LDI  R23,BYTE4(@0)
                 	.ENDM
                 
                 	.MACRO __POINTW1FN
                 	LDI  R30,LOW(2*@0+(@1))
                 	LDI  R31,HIGH(2*@0+(@1))
                 	.ENDM
                 
                 	.MACRO __POINTD1FN
                 	LDI  R30,LOW(2*@0+(@1))
                 	LDI  R31,HIGH(2*@0+(@1))
                 	LDI  R22,BYTE3(2*@0+(@1))
                 	LDI  R23,BYTE4(2*@0+(@1))
                 	.ENDM
                 
                 	.MACRO __POINTB2MN
                 	LDI  R26,LOW(@0+(@1))
                 	.ENDM
                 
                 	.MACRO __POINTW2MN
                 	LDI  R26,LOW(@0+(@1))
                 	LDI  R27,HIGH(@0+(@1))
                 	.ENDM
                 
                 	.MACRO __POINTW2FN
                 	LDI  R26,LOW(2*@0+(@1))
                 	LDI  R27,HIGH(2*@0+(@1))
                 	.ENDM
                 
                 	.MACRO __POINTD2FN
                 	LDI  R26,LOW(2*@0+(@1))
                 	LDI  R27,HIGH(2*@0+(@1))
                 	LDI  R24,BYTE3(2*@0+(@1))
                 	LDI  R25,BYTE4(2*@0+(@1))
                 	.ENDM
                 
                 	.MACRO __POINTBRM
                 	LDI  R@0,LOW(@1)
                 	.ENDM
                 
                 	.MACRO __POINTWRM
                 	LDI  R@0,LOW(@2)
                 	LDI  R@1,HIGH(@2)
                 	.ENDM
                 
                 	.MACRO __POINTBRMN
                 	LDI  R@0,LOW(@1+(@2))
                 	.ENDM
                 
                 	.MACRO __POINTWRMN
                 	LDI  R@0,LOW(@2+(@3))
                 	LDI  R@1,HIGH(@2+(@3))
                 	.ENDM
                 
                 	.MACRO __POINTWRFN
                 	LDI  R@0,LOW(@2*2+(@3))
                 	LDI  R@1,HIGH(@2*2+(@3))
                 	.ENDM
                 
                 	.MACRO __GETD1N
                 	LDI  R30,LOW(@0)
                 	LDI  R31,HIGH(@0)
                 	LDI  R22,BYTE3(@0)
                 	LDI  R23,BYTE4(@0)
                 	.ENDM
                 
                 	.MACRO __GETD2N
                 	LDI  R26,LOW(@0)
                 	LDI  R27,HIGH(@0)
                 	LDI  R24,BYTE3(@0)
                 	LDI  R25,BYTE4(@0)
                 	.ENDM
                 
                 	.MACRO __GETB1MN
                 	LDS  R30,@0+(@1)
                 	.ENDM
                 
                 	.MACRO __GETB1HMN
                 	LDS  R31,@0+(@1)
                 	.ENDM
                 
                 	.MACRO __GETW1MN
                 	LDS  R30,@0+(@1)
                 	LDS  R31,@0+(@1)+1
                 	.ENDM
                 
                 	.MACRO __GETD1MN
                 	LDS  R30,@0+(@1)
                 	LDS  R31,@0+(@1)+1
                 	LDS  R22,@0+(@1)+2
                 	LDS  R23,@0+(@1)+3
                 	.ENDM
                 
                 	.MACRO __GETBRMN
                 	LDS  R@0,@1+(@2)
                 	.ENDM
                 
                 	.MACRO __GETWRMN
                 	LDS  R@0,@2+(@3)
                 	LDS  R@1,@2+(@3)+1
                 	.ENDM
                 
                 	.MACRO __GETWRZ
                 	LDD  R@0,Z+@2
                 	LDD  R@1,Z+@2+1
                 	.ENDM
                 
                 	.MACRO __GETD2Z
                 	LDD  R26,Z+@0
                 	LDD  R27,Z+@0+1
                 	LDD  R24,Z+@0+2
                 	LDD  R25,Z+@0+3
                 	.ENDM
                 
                 	.MACRO __GETB2MN
                 	LDS  R26,@0+(@1)
                 	.ENDM
                 
                 	.MACRO __GETW2MN
                 	LDS  R26,@0+(@1)
                 	LDS  R27,@0+(@1)+1
                 	.ENDM
                 
                 	.MACRO __GETD2MN
                 	LDS  R26,@0+(@1)
                 	LDS  R27,@0+(@1)+1
                 	LDS  R24,@0+(@1)+2
                 	LDS  R25,@0+(@1)+3
                 	.ENDM
                 
                 	.MACRO __PUTB1MN
                 	STS  @0+(@1),R30
                 	.ENDM
                 
                 	.MACRO __PUTW1MN
                 	STS  @0+(@1),R30
                 	STS  @0+(@1)+1,R31
                 	.ENDM
                 
                 	.MACRO __PUTD1MN
                 	STS  @0+(@1),R30
                 	STS  @0+(@1)+1,R31
                 	STS  @0+(@1)+2,R22
                 	STS  @0+(@1)+3,R23
                 	.ENDM
                 
                 	.MACRO __PUTB1EN
                 	LDI  R26,LOW(@0+(@1))
                 	LDI  R27,HIGH(@0+(@1))
                 	CALL __EEPROMWRB
                 	.ENDM
                 
                 	.MACRO __PUTW1EN
                 	LDI  R26,LOW(@0+(@1))
                 	LDI  R27,HIGH(@0+(@1))
                 	CALL __EEPROMWRW
                 	.ENDM
                 
                 	.MACRO __PUTD1EN
                 	LDI  R26,LOW(@0+(@1))
                 	LDI  R27,HIGH(@0+(@1))
                 	CALL __EEPROMWRD
                 	.ENDM
                 
                 	.MACRO __PUTBR0MN
                 	STS  @0+(@1),R0
                 	.ENDM
                 
                 	.MACRO __PUTBMRN
                 	STS  @0+(@1),R@2
                 	.ENDM
                 
                 	.MACRO __PUTWMRN
                 	STS  @0+(@1),R@2
                 	STS  @0+(@1)+1,R@3
                 	.ENDM
                 
                 	.MACRO __PUTBZR
                 	STD  Z+@1,R@0
                 	.ENDM
                 
                 	.MACRO __PUTWZR
                 	STD  Z+@2,R@0
                 	STD  Z+@2+1,R@1
                 	.ENDM
                 
                 	.MACRO __GETW1R
                 	MOV  R30,R@0
                 	MOV  R31,R@1
                 	.ENDM
                 
                 	.MACRO __GETW2R
                 	MOV  R26,R@0
                 	MOV  R27,R@1
                 	.ENDM
                 
                 	.MACRO __GETWRN
                 	LDI  R@0,LOW(@2)
                 	LDI  R@1,HIGH(@2)
                 	.ENDM
                 
                 	.MACRO __PUTW1R
                 	MOV  R@0,R30
                 	MOV  R@1,R31
                 	.ENDM
                 
                 	.MACRO __PUTW2R
                 	MOV  R@0,R26
                 	MOV  R@1,R27
                 	.ENDM
                 
                 	.MACRO __ADDWRN
                 	SUBI R@0,LOW(-@2)
                 	SBCI R@1,HIGH(-@2)
                 	.ENDM
                 
                 	.MACRO __ADDWRR
                 	ADD  R@0,R@2
                 	ADC  R@1,R@3
                 	.ENDM
                 
                 	.MACRO __SUBWRN
                 	SUBI R@0,LOW(@2)
                 	SBCI R@1,HIGH(@2)
                 	.ENDM
                 
                 	.MACRO __SUBWRR
                 	SUB  R@0,R@2
                 	SBC  R@1,R@3
                 	.ENDM
                 
                 	.MACRO __ANDWRN
                 	ANDI R@0,LOW(@2)
                 	ANDI R@1,HIGH(@2)
                 	.ENDM
                 
                 	.MACRO __ANDWRR
                 	AND  R@0,R@2
                 	AND  R@1,R@3
                 	.ENDM
                 
                 	.MACRO __ORWRN
                 	ORI  R@0,LOW(@2)
                 	ORI  R@1,HIGH(@2)
                 	.ENDM
                 
                 	.MACRO __ORWRR
                 	OR   R@0,R@2
                 	OR   R@1,R@3
                 	.ENDM
                 
                 	.MACRO __EORWRR
                 	EOR  R@0,R@2
                 	EOR  R@1,R@3
                 	.ENDM
                 
                 	.MACRO __GETWRS
                 	LDD  R@0,Y+@2
                 	LDD  R@1,Y+@2+1
                 	.ENDM
                 
                 	.MACRO __PUTBSR
                 	STD  Y+@1,R@0
                 	.ENDM
                 
                 	.MACRO __PUTWSR
                 	STD  Y+@2,R@0
                 	STD  Y+@2+1,R@1
                 	.ENDM
                 
                 	.MACRO __MOVEWRR
                 	MOV  R@0,R@2
                 	MOV  R@1,R@3
                 	.ENDM
                 
                 	.MACRO __INWR
                 	IN   R@0,@2
                 	IN   R@1,@2+1
                 	.ENDM
                 
                 	.MACRO __OUTWR
                 	OUT  @2+1,R@1
                 	OUT  @2,R@0
                 	.ENDM
                 
                 	.MACRO __CALL1MN
                 	LDS  R30,@0+(@1)
                 	LDS  R31,@0+(@1)+1
                 	ICALL
                 	.ENDM
                 
                 	.MACRO __CALL1FN
                 	LDI  R30,LOW(2*@0+(@1))
                 	LDI  R31,HIGH(2*@0+(@1))
                 	CALL __GETW1PF
                 	ICALL
                 	.ENDM
                 
                 	.MACRO __CALL2EN
                 	PUSH R26
                 	PUSH R27
                 	LDI  R26,LOW(@0+(@1))
                 	LDI  R27,HIGH(@0+(@1))
                 	CALL __EEPROMRDW
                 	POP  R27
                 	POP  R26
                 	ICALL
                 	.ENDM
                 
                 	.MACRO __CALL2EX
                 	SUBI R26,LOW(-@0)
                 	SBCI R27,HIGH(-@0)
                 	CALL __EEPROMRDD
                 	ICALL
                 	.ENDM
                 
                 	.MACRO __GETW1STACK
                 	IN   R30,SPL
                 	IN   R31,SPH
                 	ADIW R30,@0+1
                 	LD   R0,Z+
                 	LD   R31,Z
                 	MOV  R30,R0
                 	.ENDM
                 
                 	.MACRO __GETD1STACK
                 	IN   R30,SPL
                 	IN   R31,SPH
                 	ADIW R30,@0+1
                 	LD   R0,Z+
                 	LD   R1,Z+
                 	LD   R22,Z
                 	MOVW R30,R0
                 	.ENDM
                 
                 	.MACRO __NBST
                 	BST  R@0,@1
                 	IN   R30,SREG
                 	LDI  R31,0x40
                 	EOR  R30,R31
                 	OUT  SREG,R30
                 	.ENDM
                 
                 
                 	.MACRO __PUTB1SN
                 	LDD  R26,Y+@0
                 	LDD  R27,Y+@0+1
                 	SUBI R26,LOW(-@1)
                 	SBCI R27,HIGH(-@1)
                 	ST   X,R30
                 	.ENDM
                 
                 	.MACRO __PUTW1SN
                 	LDD  R26,Y+@0
                 	LDD  R27,Y+@0+1
                 	SUBI R26,LOW(-@1)
                 	SBCI R27,HIGH(-@1)
                 	ST   X+,R30
                 	ST   X,R31
                 	.ENDM
                 
                 	.MACRO __PUTD1SN
                 	LDD  R26,Y+@0
                 	LDD  R27,Y+@0+1
                 	SUBI R26,LOW(-@1)
                 	SBCI R27,HIGH(-@1)
                 	CALL __PUTDP1
                 	.ENDM
                 
                 	.MACRO __PUTB1SNS
                 	LDD  R26,Y+@0
                 	LDD  R27,Y+@0+1
                 	ADIW R26,@1
                 	ST   X,R30
                 	.ENDM
                 
                 	.MACRO __PUTW1SNS
                 	LDD  R26,Y+@0
                 	LDD  R27,Y+@0+1
                 	ADIW R26,@1
                 	ST   X+,R30
                 	ST   X,R31
                 	.ENDM
                 
                 	.MACRO __PUTD1SNS
                 	LDD  R26,Y+@0
                 	LDD  R27,Y+@0+1
                 	ADIW R26,@1
                 	CALL __PUTDP1
                 	.ENDM
                 
                 	.MACRO __PUTB1PMN
                 	LDS  R26,@0
                 	LDS  R27,@0+1
                 	SUBI R26,LOW(-@1)
                 	SBCI R27,HIGH(-@1)
                 	ST   X,R30
                 	.ENDM
                 
                 	.MACRO __PUTW1PMN
                 	LDS  R26,@0
                 	LDS  R27,@0+1
                 	SUBI R26,LOW(-@1)
                 	SBCI R27,HIGH(-@1)
                 	ST   X+,R30
                 	ST   X,R31
                 	.ENDM
                 
                 	.MACRO __PUTD1PMN
                 	LDS  R26,@0
                 	LDS  R27,@0+1
                 	SUBI R26,LOW(-@1)
                 	SBCI R27,HIGH(-@1)
                 	CALL __PUTDP1
                 	.ENDM
                 
                 	.MACRO __PUTB1PMNS
                 	LDS  R26,@0
                 	LDS  R27,@0+1
                 	ADIW R26,@1
                 	ST   X,R30
                 	.ENDM
                 
                 	.MACRO __PUTW1PMNS
                 	LDS  R26,@0
                 	LDS  R27,@0+1
                 	ADIW R26,@1
                 	ST   X+,R30
                 	ST   X,R31
                 	.ENDM
                 
                 	.MACRO __PUTD1PMNS
                 	LDS  R26,@0
                 	LDS  R27,@0+1
                 	ADIW R26,@1
                 	CALL __PUTDP1
                 	.ENDM
                 
                 	.MACRO __PUTB1RN
                 	MOVW R26,R@0
                 	SUBI R26,LOW(-@1)
                 	SBCI R27,HIGH(-@1)
                 	ST   X,R30
                 	.ENDM
                 
                 	.MACRO __PUTW1RN
                 	MOVW R26,R@0
                 	SUBI R26,LOW(-@1)
                 	SBCI R27,HIGH(-@1)
                 	ST   X+,R30
                 	ST   X,R31
                 	.ENDM
                 
                 	.MACRO __PUTD1RN
                 	MOVW R26,R@0
                 	SUBI R26,LOW(-@1)
                 	SBCI R27,HIGH(-@1)
                 	CALL __PUTDP1
                 	.ENDM
                 
                 	.MACRO __PUTB1RNS
                 	MOVW R26,R@0
                 	ADIW R26,@1
                 	ST   X,R30
                 	.ENDM
                 
                 	.MACRO __PUTW1RNS
                 	MOVW R26,R@0
                 	ADIW R26,@1
                 	ST   X+,R30
                 	ST   X,R31
                 	.ENDM
                 
                 	.MACRO __PUTD1RNS
                 	MOVW R26,R@0
                 	ADIW R26,@1
                 	CALL __PUTDP1
                 	.ENDM
                 
                 	.MACRO __PUTB1RON
                 	MOV  R26,R@0
                 	MOV  R27,R@1
                 	SUBI R26,LOW(-@2)
                 	SBCI R27,HIGH(-@2)
                 	ST   X,R30
                 	.ENDM
                 
                 	.MACRO __PUTW1RON
                 	MOV  R26,R@0
                 	MOV  R27,R@1
                 	SUBI R26,LOW(-@2)
                 	SBCI R27,HIGH(-@2)
                 	ST   X+,R30
                 	ST   X,R31
                 	.ENDM
                 
                 	.MACRO __PUTD1RON
                 	MOV  R26,R@0
                 	MOV  R27,R@1
                 	SUBI R26,LOW(-@2)
                 	SBCI R27,HIGH(-@2)
                 	CALL __PUTDP1
                 	.ENDM
                 
                 	.MACRO __PUTB1RONS
                 	MOV  R26,R@0
                 	MOV  R27,R@1
                 	ADIW R26,@2
                 	ST   X,R30
                 	.ENDM
                 
                 	.MACRO __PUTW1RONS
                 	MOV  R26,R@0
                 	MOV  R27,R@1
                 	ADIW R26,@2
                 	ST   X+,R30
                 	ST   X,R31
                 	.ENDM
                 
                 	.MACRO __PUTD1RONS
                 	MOV  R26,R@0
                 	MOV  R27,R@1
                 	ADIW R26,@2
                 	CALL __PUTDP1
                 	.ENDM
                 
                 
                 	.MACRO __GETB1SX
                 	MOVW R30,R28
                 	SUBI R30,LOW(-@0)
                 	SBCI R31,HIGH(-@0)
                 	LD   R30,Z
                 	.ENDM
                 
                 	.MACRO __GETB1HSX
                 	MOVW R30,R28
                 	SUBI R30,LOW(-@0)
                 	SBCI R31,HIGH(-@0)
                 	LD   R31,Z
                 	.ENDM
                 
                 	.MACRO __GETW1SX
                 	MOVW R30,R28
                 	SUBI R30,LOW(-@0)
                 	SBCI R31,HIGH(-@0)
                 	LD   R0,Z+
                 	LD   R31,Z
                 	MOV  R30,R0
                 	.ENDM
                 
                 	.MACRO __GETD1SX
                 	MOVW R30,R28
                 	SUBI R30,LOW(-@0)
                 	SBCI R31,HIGH(-@0)
                 	LD   R0,Z+
                 	LD   R1,Z+
                 	LD   R22,Z+
                 	LD   R23,Z
                 	MOVW R30,R0
                 	.ENDM
                 
                 	.MACRO __GETB2SX
                 	MOVW R26,R28
                 	SUBI R26,LOW(-@0)
                 	SBCI R27,HIGH(-@0)
                 	LD   R26,X
                 	.ENDM
                 
                 	.MACRO __GETW2SX
                 	MOVW R26,R28
                 	SUBI R26,LOW(-@0)
                 	SBCI R27,HIGH(-@0)
                 	LD   R0,X+
                 	LD   R27,X
                 	MOV  R26,R0
                 	.ENDM
                 
                 	.MACRO __GETD2SX
                 	MOVW R26,R28
                 	SUBI R26,LOW(-@0)
                 	SBCI R27,HIGH(-@0)
                 	LD   R0,X+
                 	LD   R1,X+
                 	LD   R24,X+
                 	LD   R25,X
                 	MOVW R26,R0
                 	.ENDM
                 
                 	.MACRO __GETBRSX
                 	MOVW R30,R28
                 	SUBI R30,LOW(-@1)
                 	SBCI R31,HIGH(-@1)
                 	LD   R@0,Z
                 	.ENDM
                 
                 	.MACRO __GETWRSX
                 	MOVW R30,R28
                 	SUBI R30,LOW(-@2)
                 	SBCI R31,HIGH(-@2)
                 	LD   R@0,Z+
                 	LD   R@1,Z
                 	.ENDM
                 
                 	.MACRO __GETBRSX2
                 	MOVW R26,R28
                 	SUBI R26,LOW(-@1)
                 	SBCI R27,HIGH(-@1)
                 	LD   R@0,X
                 	.ENDM
                 
                 	.MACRO __GETWRSX2
                 	MOVW R26,R28
                 	SUBI R26,LOW(-@2)
                 	SBCI R27,HIGH(-@2)
                 	LD   R@0,X+
                 	LD   R@1,X
                 	.ENDM
                 
                 	.MACRO __LSLW8SX
                 	MOVW R30,R28
                 	SUBI R30,LOW(-@0)
                 	SBCI R31,HIGH(-@0)
                 	LD   R31,Z
                 	CLR  R30
                 	.ENDM
                 
                 	.MACRO __PUTB1SX
                 	MOVW R26,R28
                 	SUBI R26,LOW(-@0)
                 	SBCI R27,HIGH(-@0)
                 	ST   X,R30
                 	.ENDM
                 
                 	.MACRO __PUTW1SX
                 	MOVW R26,R28
                 	SUBI R26,LOW(-@0)
                 	SBCI R27,HIGH(-@0)
                 	ST   X+,R30
                 	ST   X,R31
                 	.ENDM
                 
                 	.MACRO __PUTD1SX
                 	MOVW R26,R28
                 	SUBI R26,LOW(-@0)
                 	SBCI R27,HIGH(-@0)
                 	ST   X+,R30
                 	ST   X+,R31
                 	ST   X+,R22
                 	ST   X,R23
                 	.ENDM
                 
                 	.MACRO __CLRW1SX
                 	MOVW R26,R28
                 	SUBI R26,LOW(-@0)
                 	SBCI R27,HIGH(-@0)
                 	ST   X+,R30
                 	ST   X,R30
                 	.ENDM
                 
                 	.MACRO __CLRD1SX
                 	MOVW R26,R28
                 	SUBI R26,LOW(-@0)
                 	SBCI R27,HIGH(-@0)
                 	ST   X+,R30
                 	ST   X+,R30
                 	ST   X+,R30
                 	ST   X,R30
                 	.ENDM
                 
                 	.MACRO __PUTB2SX
                 	MOVW R30,R28
                 	SUBI R30,LOW(-@0)
                 	SBCI R31,HIGH(-@0)
                 	ST   Z,R26
                 	.ENDM
                 
                 	.MACRO __PUTW2SX
                 	MOVW R30,R28
                 	SUBI R30,LOW(-@0)
                 	SBCI R31,HIGH(-@0)
                 	ST   Z+,R26
                 	ST   Z,R27
                 	.ENDM
                 
                 	.MACRO __PUTD2SX
                 	MOVW R30,R28
                 	SUBI R30,LOW(-@0)
                 	SBCI R31,HIGH(-@0)
                 	ST   Z+,R26
                 	ST   Z+,R27
                 	ST   Z+,R24
                 	ST   Z,R25
                 	.ENDM
                 
                 	.MACRO __PUTBSRX
                 	MOVW R30,R28
                 	SUBI R30,LOW(-@1)
                 	SBCI R31,HIGH(-@1)
                 	ST   Z,R@0
                 	.ENDM
                 
                 	.MACRO __PUTWSRX
                 	MOVW R30,R28
                 	SUBI R30,LOW(-@2)
                 	SBCI R31,HIGH(-@2)
                 	ST   Z+,R@0
                 	ST   Z,R@1
                 	.ENDM
                 
                 	.MACRO __PUTB1SNX
                 	MOVW R26,R28
                 	SUBI R26,LOW(-@0)
                 	SBCI R27,HIGH(-@0)
                 	LD   R0,X+
                 	LD   R27,X
                 	MOV  R26,R0
                 	SUBI R26,LOW(-@1)
                 	SBCI R27,HIGH(-@1)
                 	ST   X,R30
                 	.ENDM
                 
                 	.MACRO __PUTW1SNX
                 	MOVW R26,R28
                 	SUBI R26,LOW(-@0)
                 	SBCI R27,HIGH(-@0)
                 	LD   R0,X+
                 	LD   R27,X
                 	MOV  R26,R0
                 	SUBI R26,LOW(-@1)
                 	SBCI R27,HIGH(-@1)
                 	ST   X+,R30
                 	ST   X,R31
                 	.ENDM
                 
                 	.MACRO __PUTD1SNX
                 	MOVW R26,R28
                 	SUBI R26,LOW(-@0)
                 	SBCI R27,HIGH(-@0)
                 	LD   R0,X+
                 	LD   R27,X
                 	MOV  R26,R0
                 	SUBI R26,LOW(-@1)
                 	SBCI R27,HIGH(-@1)
                 	ST   X+,R30
                 	ST   X+,R31
                 	ST   X+,R22
                 	ST   X,R23
                 	.ENDM
                 
                 	.MACRO __MULBRR
                 	MULS R@0,R@1
                 	MOVW R30,R0
                 	.ENDM
                 
                 	.MACRO __MULBRRU
                 	MUL  R@0,R@1
                 	MOVW R30,R0
                 	.ENDM
                 
                 	.MACRO __MULBRR0
                 	MULS R@0,R@1
                 	.ENDM
                 
                 	.MACRO __MULBRRU0
                 	MUL  R@0,R@1
                 	.ENDM
                 
                 	.MACRO __MULBNWRU
                 	LDI  R26,@2
                 	MUL  R26,R@0
                 	MOVW R30,R0
                 	MUL  R26,R@1
                 	ADD  R31,R0
                 	.ENDM
                 
                 ;NAME DEFINITIONS FOR GLOBAL VARIABLES ALLOCATED TO REGISTERS
                 	.DEF _s=R4
                 	.DEF _s_msb=R5
                 	.DEF _m=R6
                 	.DEF _m_msb=R7
                 	.DEF _h=R8
                 	.DEF _h_msb=R9
                 	.DEF _day=R10
                 	.DEF _day_msb=R11
                 	.DEF _month=R12
                 	.DEF _month_msb=R13
                 
                 	.CSEG
                 	.ORG 0x00
                 
                 ;START OF CODE MARKER
                 __START_OF_CODE:
                 
                 ;INTERRUPT VECTORS
000000 940c 0062 	JMP  __RESET
000002 940c 0000 	JMP  0x00
000004 940c 0000 	JMP  0x00
000006 940c 0000 	JMP  0x00
000008 940c 0000 	JMP  0x00
00000a 940c 0000 	JMP  0x00
00000c 940c 0000 	JMP  0x00
00000e 940c 0000 	JMP  0x00
000010 940c 0000 	JMP  0x00
000012 940c 0000 	JMP  0x00
000014 940c 0000 	JMP  0x00
000016 940c 0000 	JMP  0x00
000018 940c 0000 	JMP  0x00
00001a 940c 0000 	JMP  0x00
00001c 940c 0000 	JMP  0x00
00001e 940c 0000 	JMP  0x00
000020 940c 0000 	JMP  0x00
000022 940c 0000 	JMP  0x00
000024 940c 0000 	JMP  0x00
000026 940c 0000 	JMP  0x00
000028 940c 0000 	JMP  0x00
                 
                 _tbl10_G100:
00002a 2710
00002b 03e8
00002c 0064
00002d 000a      	.DB  0x10,0x27,0xE8,0x3,0x64,0x0,0xA,0x0
00002e 0001      	.DB  0x1,0x0
                 _tbl16_G100:
00002f 1000
000030 0100
000031 0010
000032 0001      	.DB  0x0,0x10,0x0,0x1,0x10,0x0,0x1,0x0
                 
                 ;GLOBAL REGISTER VARIABLES INITIALIZATION
                 __REG_VARS:
000033 0001
000034 0001      	.DB  0x1,0x0,0x1,0x0
                 
                 _0x3:
000035 057c      	.DB  0x7C,0x5
                 _0x0:
000036 3d3d
000037 3d3d
000038 3d3d
000039 3d3d      	.DB  0x3D,0x3D,0x3D,0x3D,0x3D,0x3D,0x3D,0x3D
00003a 3d3d
00003b 3d3d
00003c 3d3d
00003d 3d3d      	.DB  0x3D,0x3D,0x3D,0x3D,0x3D,0x3D,0x3D,0x3D
00003e 3d3d
00003f 3d3d
000040 7c00
000041 2520      	.DB  0x3D,0x3D,0x3D,0x3D,0x0,0x7C,0x20,0x25
000042 3430
000043 2f64
000044 3025
000045 6432      	.DB  0x30,0x34,0x64,0x2F,0x25,0x30,0x32,0x64
000046 252f
000047 3230
000048 2064
000049 007c      	.DB  0x2F,0x25,0x30,0x32,0x64,0x20,0x7C,0x0
00004a 207c
00004b 2520
00004c 3230
00004d 3a64      	.DB  0x7C,0x20,0x20,0x25,0x30,0x32,0x64,0x3A
00004e 3025
00004f 6432
000050 253a
000051 3230      	.DB  0x25,0x30,0x32,0x64,0x3A,0x25,0x30,0x32
000052 2064
000053 7c20
C:\Users\Top\Desktop\mft\Debug\List\final.asm(1148): warning: .cseg .db misalignment - padding zero byte
000054 0000      	.DB  0x64,0x20,0x20,0x7C,0x0
                 
                 __GLOBAL_INI_TBL:
000055 0004      	.DW  0x04
000056 000a      	.DW  0x0A
000057 0066      	.DW  __REG_VARS*2
                 
000058 0002      	.DW  0x02
000059 028a      	.DW  _year
00005a 006a      	.DW  _0x3*2
                 
00005b 0015      	.DW  0x15
00005c 0260      	.DW  _0x4
00005d 006c      	.DW  _0x0*2
                 
00005e 0015      	.DW  0x15
00005f 0275      	.DW  _0x4+21
000060 006c      	.DW  _0x0*2
                 
                 _0xFFFFFFFF:
000061 0000      	.DW  0
                 
                 #define __GLOBAL_INI_TBL_PRESENT 1
                 
                 __RESET:
000062 94f8      	CLI
000063 27ee      	CLR  R30
000064 bbec      	OUT  EECR,R30
                 
                 ;INTERRUPT VECTORS ARE PLACED
                 ;AT THE START OF FLASH
000065 e0f1      	LDI  R31,1
000066 bffb      	OUT  GICR,R31
000067 bfeb      	OUT  GICR,R30
000068 bfe5      	OUT  MCUCR,R30
                 
                 ;CLEAR R2-R14
000069 e08d      	LDI  R24,(14-2)+1
00006a e0a2      	LDI  R26,2
00006b 27bb      	CLR  R27
                 __CLEAR_REG:
00006c 93ed      	ST   X+,R30
00006d 958a      	DEC  R24
00006e f7e9      	BRNE __CLEAR_REG
                 
                 ;CLEAR SRAM
00006f e080      	LDI  R24,LOW(__CLEAR_SRAM_SIZE)
000070 e098      	LDI  R25,HIGH(__CLEAR_SRAM_SIZE)
000071 e6a0      	LDI  R26,__SRAM_START
                 __CLEAR_SRAM:
000072 93ed      	ST   X+,R30
000073 9701      	SBIW R24,1
000074 f7e9      	BRNE __CLEAR_SRAM
                 
                 ;GLOBAL VARIABLES INITIALIZATION
000075 eaea      	LDI  R30,LOW(__GLOBAL_INI_TBL*2)
000076 e0f0      	LDI  R31,HIGH(__GLOBAL_INI_TBL*2)
                 __GLOBAL_INI_NEXT:
000077 9185      	LPM  R24,Z+
000078 9195      	LPM  R25,Z+
000079 9700      	SBIW R24,0
00007a f061      	BREQ __GLOBAL_INI_END
00007b 91a5      	LPM  R26,Z+
00007c 91b5      	LPM  R27,Z+
00007d 9005      	LPM  R0,Z+
00007e 9015      	LPM  R1,Z+
00007f 01bf      	MOVW R22,R30
000080 01f0      	MOVW R30,R0
                 __GLOBAL_INI_LOOP:
000081 9005      	LPM  R0,Z+
000082 920d      	ST   X+,R0
000083 9701      	SBIW R24,1
000084 f7e1      	BRNE __GLOBAL_INI_LOOP
000085 01fb      	MOVW R30,R22
000086 cff0      	RJMP __GLOBAL_INI_NEXT
                 __GLOBAL_INI_END:
                 
                 ;HARDWARE STACK POINTER INITIALIZATION
000087 e5ef      	LDI  R30,LOW(__SRAM_END-__HEAP_SIZE)
000088 bfed      	OUT  SPL,R30
000089 e0e8      	LDI  R30,HIGH(__SRAM_END-__HEAP_SIZE)
00008a bfee      	OUT  SPH,R30
                 
                 ;DATA STACK POINTER INITIALIZATION
00008b e6c0      	LDI  R28,LOW(__SRAM_START+__DSTACK_SIZE)
00008c e0d2      	LDI  R29,HIGH(__SRAM_START+__DSTACK_SIZE)
                 
00008d 940c 0138 	JMP  _main
                 
                 	.ESEG
                 	.ORG 0
                 
                 	.DSEG
                 	.ORG 0x260
                 
                 	.CSEG
                 ;/*******************************************************
                 ;This program was created by the
                 ;CodeWizardAVR V3.14 Advanced
                 ;Automatic Program Generator
                 ;© Copyright 1998-2014 Pavel Haiduc, HP InfoTech s.r.l.
                 ;http://www.hpinfotech.com
                 ;
                 ;Project :
                 ;Version :
                 ;Date    : 3/26/2025
                 ;Author  :
                 ;Company :
                 ;Comments:
                 ;
                 ;
                 ;Chip type               : ATmega32
                 ;Program type            : Application
                 ;AVR Core Clock frequency: 1.000000 MHz
                 ;Memory model            : Small
                 ;External RAM size       : 0
                 ;Data Stack size         : 512
                 ;*******************************************************/
                 ;#include <mega32.h>
                 	#ifndef __SLEEP_DEFINED__
                 	#define __SLEEP_DEFINED__
                 	.EQU __se_bit=0x80
                 	.EQU __sm_mask=0x70
                 	.EQU __sm_powerdown=0x20
                 	.EQU __sm_powersave=0x30
                 	.EQU __sm_standby=0x60
                 	.EQU __sm_ext_standby=0x70
                 	.EQU __sm_adc_noise_red=0x10
                 	.SET power_ctrl_reg=mcucr
                 	#endif
                 ;#include <delay.h>
                 ;#include <stdio.h>
                 ;// Declare your global variables here
                 ;int s,m,h,day=01,month=01,year=1404;
                 
                 	.DSEG
                 ;char WT[100];
                 ;void Show(){
                 ; 0000 001D void Show(){
                 
                 	.CSEG
                 _Show:
                 ; .FSTART _Show
                 ; 0000 001E     delay_ms(1000);
00008f eea8      	LDI  R26,LOW(1000)
000090 e0b3      	LDI  R27,HIGH(1000)
000091 940e 03fb 	CALL _delay_ms
                 ; 0000 001F     printf("====================");
000093 940e 0361 	CALL SUBOPT_0x0
                 ; 0000 0020     putchar(13);
000095 940e 036a 	CALL SUBOPT_0x1
                 ; 0000 0021     sprintf(WT,"| %04d/%02d/%02d |",year,month,day);
                 ; 0000 0022     puts(WT);
                 ; 0000 0023     sprintf(WT,"|  %02d:%02d:%02d  |",h,m,s);
                 ; 0000 0024     puts(WT);
                 ; 0000 0025     putchar(13);
                 ; 0000 0026     printf("====================");
000097 940e 0361 	CALL SUBOPT_0x0
                 ; 0000 0027     putchar(13);
000099 c00a      	RJMP _0x2060003
                 ; 0000 0028 }
                 ; .FEND
                 ;void Showf(){
                 ; 0000 0029 void Showf(){
                 _Showf:
                 ; .FSTART _Showf
                 ; 0000 002A     puts(      "====================");
                +
00009a e6a0     +LDI R26 , LOW ( _0x4 + ( 0 ) )
00009b e0b2     +LDI R27 , HIGH ( _0x4 + ( 0 ) )
                 	__POINTW2MN _0x4,0
00009c 940e 0171 	CALL _puts
                 ; 0000 002B     putchar(13);
00009e 940e 036a 	CALL SUBOPT_0x1
                 ; 0000 002C     sprintf(WT,"| %04d/%02d/%02d |",year,month,day);
                 ; 0000 002D     puts(WT);
                 ; 0000 002E     sprintf(WT,"|  %02d:%02d:%02d  |",h,m,s);
                 ; 0000 002F     puts(WT);
                 ; 0000 0030     putchar(13);
                 ; 0000 0031     puts(      "====================");
                +
0000a0 e7a5     +LDI R26 , LOW ( _0x4 + ( 21 ) )
0000a1 e0b2     +LDI R27 , HIGH ( _0x4 + ( 21 ) )
                 	__POINTW2MN _0x4,21
0000a2 940e 0171 	CALL _puts
                 ; 0000 0032     putchar(13);
                 _0x2060003:
0000a4 e0ad      	LDI  R26,LOW(13)
0000a5 d0c4      	RCALL _putchar
                 ; 0000 0033 }
0000a6 9508      	RET
                 ; .FEND
                 
                 	.DSEG
                 _0x4:
000260           	.BYTE 0x2A
                 ;void Time()
                 ; 0000 0035 {
                 
                 	.CSEG
                 _Time:
                 ; .FSTART _Time
                 ; 0000 0036     if(PINB.0==1){
0000a7 9bb0      	SBIS 0x16,0
0000a8 c005      	RJMP _0x5
                 ; 0000 0037     Show();
0000a9 dfe5      	RCALL _Show
                 ; 0000 0038     s++;
0000aa 01f2      	MOVW R30,R4
0000ab 9631      	ADIW R30,1
0000ac 012f      	MOVW R4,R30
0000ad 9731      	SBIW R30,1
                 ; 0000 0039     }
                 ; 0000 003A     if(s>=59){
                 _0x5:
0000ae e3eb      	LDI  R30,LOW(59)
0000af e0f0      	LDI  R31,HIGH(59)
0000b0 164e      	CP   R4,R30
0000b1 065f      	CPC  R5,R31
0000b2 f02c      	BRLT _0x6
                 ; 0000 003B         s=0;
0000b3 2444      	CLR  R4
0000b4 2455      	CLR  R5
                 ; 0000 003C         m++;
0000b5 01f3      	MOVW R30,R6
0000b6 9631      	ADIW R30,1
0000b7 013f      	MOVW R6,R30
                 ; 0000 003D 
                 ; 0000 003E     }
                 ; 0000 003F     if(m>=59){
                 _0x6:
0000b8 e3eb      	LDI  R30,LOW(59)
0000b9 e0f0      	LDI  R31,HIGH(59)
0000ba 166e      	CP   R6,R30
0000bb 067f      	CPC  R7,R31
0000bc f02c      	BRLT _0x7
                 ; 0000 0040         m=0;
0000bd 2466      	CLR  R6
0000be 2477      	CLR  R7
                 ; 0000 0041         h++;
0000bf 01f4      	MOVW R30,R8
0000c0 9631      	ADIW R30,1
0000c1 014f      	MOVW R8,R30
                 ; 0000 0042 
                 ; 0000 0043     }
                 ; 0000 0044     if(h>=24){
                 _0x7:
0000c2 e1e8      	LDI  R30,LOW(24)
0000c3 e0f0      	LDI  R31,HIGH(24)
0000c4 168e      	CP   R8,R30
0000c5 069f      	CPC  R9,R31
0000c6 f02c      	BRLT _0x8
                 ; 0000 0045     s=0;
0000c7 940e 03b1 	CALL SUBOPT_0x2
                 ; 0000 0046     m=0;
                 ; 0000 0047     h=0;
                 ; 0000 0048     day++;
0000c9 01f5      	MOVW R30,R10
0000ca 9631      	ADIW R30,1
0000cb 015f      	MOVW R10,R30
                 ; 0000 0049     }
                 ; 0000 004A     if(month>=1&&month<=6){
                 _0x8:
0000cc e0e1      	LDI  R30,LOW(1)
0000cd e0f0      	LDI  R31,HIGH(1)
0000ce 16ce      	CP   R12,R30
0000cf 06df      	CPC  R13,R31
0000d0 f02c      	BRLT _0xA
0000d1 e0e6      	LDI  R30,LOW(6)
0000d2 e0f0      	LDI  R31,HIGH(6)
0000d3 15ec      	CP   R30,R12
0000d4 05fd      	CPC  R31,R13
0000d5 f40c      	BRGE _0xB
                 _0xA:
0000d6 c00b      	RJMP _0x9
                 _0xB:
                 ; 0000 004B         if(day>=30){month++;day=0;}
0000d7 e1ee      	LDI  R30,LOW(30)
0000d8 e0f0      	LDI  R31,HIGH(30)
0000d9 16ae      	CP   R10,R30
0000da 06bf      	CPC  R11,R31
0000db f02c      	BRLT _0xC
0000dc 01f6      	MOVW R30,R12
0000dd 9631      	ADIW R30,1
0000de 016f      	MOVW R12,R30
0000df 24aa      	CLR  R10
0000e0 24bb      	CLR  R11
                 ; 0000 004C     }
                 _0xC:
                 ; 0000 004D     else if(month>=7&&month<=12){
0000e1 c015      	RJMP _0xD
                 _0x9:
0000e2 e0e7      	LDI  R30,LOW(7)
0000e3 e0f0      	LDI  R31,HIGH(7)
0000e4 16ce      	CP   R12,R30
0000e5 06df      	CPC  R13,R31
0000e6 f02c      	BRLT _0xF
0000e7 e0ec      	LDI  R30,LOW(12)
0000e8 e0f0      	LDI  R31,HIGH(12)
0000e9 15ec      	CP   R30,R12
0000ea 05fd      	CPC  R31,R13
0000eb f40c      	BRGE _0x10
                 _0xF:
0000ec c00a      	RJMP _0xE
                 _0x10:
                 ; 0000 004E         if(day>=31){month++;day=0;}
0000ed e1ef      	LDI  R30,LOW(31)
0000ee e0f0      	LDI  R31,HIGH(31)
0000ef 16ae      	CP   R10,R30
0000f0 06bf      	CPC  R11,R31
0000f1 f02c      	BRLT _0x11
0000f2 01f6      	MOVW R30,R12
0000f3 9631      	ADIW R30,1
0000f4 016f      	MOVW R12,R30
0000f5 24aa      	CLR  R10
0000f6 24bb      	CLR  R11
                 ; 0000 004F     }
                 _0x11:
                 ; 0000 0050     if(month>=12){
                 _0xE:
                 _0xD:
0000f7 e0ec      	LDI  R30,LOW(12)
0000f8 e0f0      	LDI  R31,HIGH(12)
0000f9 16ce      	CP   R12,R30
0000fa 06df      	CPC  R13,R31
0000fb f024      	BRLT _0x12
                 ; 0000 0051         month=0;
0000fc 24cc      	CLR  R12
0000fd 24dd      	CLR  R13
                 ; 0000 0052         year++;
0000fe 940e 03b8 	CALL SUBOPT_0x3
                 ; 0000 0053 
                 ; 0000 0054     }
                 ; 0000 0055 
                 ; 0000 0056 
                 ; 0000 0057 
                 ; 0000 0058 }
                 _0x12:
000100 9508      	RET
                 ; .FEND
                 ;void Settime(){
                 ; 0000 0059 void Settime(){
                 _Settime:
                 ; .FSTART _Settime
                 ; 0000 005A     if(PINB.1==0){
000101 99b1      	SBIC 0x16,1
000102 c004      	RJMP _0x13
                 ; 0000 005B         m++;
000103 01f3      	MOVW R30,R6
000104 9631      	ADIW R30,1
000105 013f      	MOVW R6,R30
                 ; 0000 005C         Showf();
000106 df93      	RCALL _Showf
                 ; 0000 005D     }
                 ; 0000 005E     if(PINB.2==0){
                 _0x13:
000107 99b2      	SBIC 0x16,2
000108 c004      	RJMP _0x14
                 ; 0000 005F         h++;
000109 01f4      	MOVW R30,R8
00010a 9631      	ADIW R30,1
00010b 014f      	MOVW R8,R30
                 ; 0000 0060         Showf();
00010c df8d      	RCALL _Showf
                 ; 0000 0061     }
                 ; 0000 0062     if(PINB.3==0){
                 _0x14:
00010d 99b3      	SBIC 0x16,3
00010e c004      	RJMP _0x15
                 ; 0000 0063         day++;
00010f 01f5      	MOVW R30,R10
000110 9631      	ADIW R30,1
000111 015f      	MOVW R10,R30
                 ; 0000 0064         Showf();
000112 df87      	RCALL _Showf
                 ; 0000 0065      }
                 ; 0000 0066     if(PINB.4==0){
                 _0x15:
000113 99b4      	SBIC 0x16,4
000114 c004      	RJMP _0x16
                 ; 0000 0067         month++;
000115 01f6      	MOVW R30,R12
000116 9631      	ADIW R30,1
000117 016f      	MOVW R12,R30
                 ; 0000 0068         Showf();
000118 df81      	RCALL _Showf
                 ; 0000 0069      }
                 ; 0000 006A     if(PINB.5==0){
                 _0x16:
000119 99b5      	SBIC 0x16,5
00011a c003      	RJMP _0x17
                 ; 0000 006B         year++;
00011b 940e 03b8 	CALL SUBOPT_0x3
                 ; 0000 006C         Showf();
00011d df7c      	RCALL _Showf
                 ; 0000 006D      }
                 ; 0000 006E     if(PINB.6==0){
                 _0x17:
00011e 99b6      	SBIC 0x16,6
00011f c008      	RJMP _0x18
                 ; 0000 006F         year--;
000120 e8aa      	LDI  R26,LOW(_year)
000121 e0b2      	LDI  R27,HIGH(_year)
000122 91ed      	LD   R30,X+
000123 91fd      	LD   R31,X+
000124 9731      	SBIW R30,1
000125 93fe      	ST   -X,R31
000126 93ee      	ST   -X,R30
                 ; 0000 0070         Showf();
000127 df72      	RCALL _Showf
                 ; 0000 0071      }
                 ; 0000 0072     if(PINB.7==0){
                 _0x18:
000128 99b7      	SBIC 0x16,7
000129 c00d      	RJMP _0x19
                 ; 0000 0073         s=0;
00012a 940e 03b1 	CALL SUBOPT_0x2
                 ; 0000 0074         m=0;h=0;day=01;month=01;year=1404;
00012c e0e1      	LDI  R30,LOW(1)
00012d e0f0      	LDI  R31,HIGH(1)
00012e 015f      	MOVW R10,R30
00012f 016f      	MOVW R12,R30
000130 e7ec      	LDI  R30,LOW(1404)
000131 e0f5      	LDI  R31,HIGH(1404)
000132 93e0 028a 	STS  _year,R30
000134 93f0 028b 	STS  _year+1,R31
                 ; 0000 0075         Showf();
000136 df63      	RCALL _Showf
                 ; 0000 0076      }
                 ; 0000 0077 
                 ; 0000 0078 
                 ; 0000 0079 }
                 _0x19:
000137 9508      	RET
                 ; .FEND
                 ;// Standard Input/Output functions
                 ;
                 ;
                 ;void main(void)
                 ; 0000 007E {
                 _main:
                 ; .FSTART _main
                 ; 0000 007F // Declare your local variables here
                 ; 0000 0080 
                 ; 0000 0081 // Input/Output Ports initialization
                 ; 0000 0082 // Port A initialization
                 ; 0000 0083 // Function: Bit7=Out Bit6=Out Bit5=Out Bit4=Out Bit3=Out Bit2=Out Bit1=Out Bit0=Out
                 ; 0000 0084 DDRA=(1<<DDA7) | (1<<DDA6) | (1<<DDA5) | (1<<DDA4) | (1<<DDA3) | (1<<DDA2) | (1<<DDA1) | (1<<DDA0);
000138 efef      	LDI  R30,LOW(255)
000139 bbea      	OUT  0x1A,R30
                 ; 0000 0085 // State: Bit7=0 Bit6=0 Bit5=0 Bit4=0 Bit3=0 Bit2=0 Bit1=0 Bit0=0
                 ; 0000 0086 PORTA=(0<<PORTA7) | (0<<PORTA6) | (0<<PORTA5) | (0<<PORTA4) | (0<<PORTA3) | (0<<PORTA2) | (0<<PORTA1) | (0<<PORTA0);
00013a e0e0      	LDI  R30,LOW(0)
00013b bbeb      	OUT  0x1B,R30
                 ; 0000 0087 
                 ; 0000 0088 // Port B initialization
                 ; 0000 0089 // Function: Bit7=In Bit6=In Bit5=In Bit4=In Bit3=In Bit2=In Bit1=In Bit0=In
                 ; 0000 008A DDRB=(0<<DDB7) | (0<<DDB6) | (0<<DDB5) | (0<<DDB4) | (0<<DDB3) | (0<<DDB2) | (0<<DDB1) | (0<<DDB0);
00013c bbe7      	OUT  0x17,R30
                 ; 0000 008B // State: Bit7=T Bit6=T Bit5=T Bit4=T Bit3=T Bit2=T Bit1=T Bit0=T
                 ; 0000 008C PORTB=(0<<PORTB7) | (0<<PORTB6) | (0<<PORTB5) | (0<<PORTB4) | (0<<PORTB3) | (0<<PORTB2) | (0<<PORTB1) | (0<<PORTB0);
00013d bbe8      	OUT  0x18,R30
                 ; 0000 008D 
                 ; 0000 008E // Port C initialization
                 ; 0000 008F // Function: Bit7=In Bit6=In Bit5=In Bit4=In Bit3=In Bit2=In Bit1=In Bit0=In
                 ; 0000 0090 DDRC=(0<<DDC7) | (0<<DDC6) | (0<<DDC5) | (0<<DDC4) | (0<<DDC3) | (0<<DDC2) | (0<<DDC1) | (0<<DDC0);
00013e bbe4      	OUT  0x14,R30
                 ; 0000 0091 // State: Bit7=T Bit6=T Bit5=T Bit4=T Bit3=T Bit2=T Bit1=T Bit0=T
                 ; 0000 0092 PORTC=(0<<PORTC7) | (0<<PORTC6) | (0<<PORTC5) | (0<<PORTC4) | (0<<PORTC3) | (0<<PORTC2) | (0<<PORTC1) | (0<<PORTC0);
00013f bbe5      	OUT  0x15,R30
                 ; 0000 0093 
                 ; 0000 0094 // Port D initialization
                 ; 0000 0095 // Function: Bit7=In Bit6=In Bit5=In Bit4=In Bit3=In Bit2=In Bit1=In Bit0=In
                 ; 0000 0096 DDRD=(0<<DDD7) | (0<<DDD6) | (0<<DDD5) | (0<<DDD4) | (0<<DDD3) | (0<<DDD2) | (0<<DDD1) | (0<<DDD0);
000140 bbe1      	OUT  0x11,R30
                 ; 0000 0097 // State: Bit7=T Bit6=T Bit5=T Bit4=T Bit3=T Bit2=T Bit1=T Bit0=T
                 ; 0000 0098 PORTD=(0<<PORTD7) | (0<<PORTD6) | (0<<PORTD5) | (0<<PORTD4) | (0<<PORTD3) | (0<<PORTD2) | (0<<PORTD1) | (0<<PORTD0);
000141 bbe2      	OUT  0x12,R30
                 ; 0000 0099 
                 ; 0000 009A // Timer/Counter 0 initialization
                 ; 0000 009B // Clock source: System Clock
                 ; 0000 009C // Clock value: Timer 0 Stopped
                 ; 0000 009D // Mode: Normal top=0xFF
                 ; 0000 009E // OC0 output: Disconnected
                 ; 0000 009F TCCR0=(0<<WGM00) | (0<<COM01) | (0<<COM00) | (0<<WGM01) | (0<<CS02) | (0<<CS01) | (0<<CS00);
000142 bfe3      	OUT  0x33,R30
                 ; 0000 00A0 TCNT0=0x00;
000143 bfe2      	OUT  0x32,R30
                 ; 0000 00A1 OCR0=0x00;
000144 bfec      	OUT  0x3C,R30
                 ; 0000 00A2 
                 ; 0000 00A3 // Timer/Counter 1 initialization
                 ; 0000 00A4 // Clock source: System Clock
                 ; 0000 00A5 // Clock value: Timer1 Stopped
                 ; 0000 00A6 // Mode: Normal top=0xFFFF
                 ; 0000 00A7 // OC1A output: Disconnected
                 ; 0000 00A8 // OC1B output: Disconnected
                 ; 0000 00A9 // Noise Canceler: Off
                 ; 0000 00AA // Input Capture on Falling Edge
                 ; 0000 00AB // Timer1 Overflow Interrupt: Off
                 ; 0000 00AC // Input Capture Interrupt: Off
                 ; 0000 00AD // Compare A Match Interrupt: Off
                 ; 0000 00AE // Compare B Match Interrupt: Off
                 ; 0000 00AF TCCR1A=(0<<COM1A1) | (0<<COM1A0) | (0<<COM1B1) | (0<<COM1B0) | (0<<WGM11) | (0<<WGM10);
000145 bdef      	OUT  0x2F,R30
                 ; 0000 00B0 TCCR1B=(0<<ICNC1) | (0<<ICES1) | (0<<WGM13) | (0<<WGM12) | (0<<CS12) | (0<<CS11) | (0<<CS10);
000146 bdee      	OUT  0x2E,R30
                 ; 0000 00B1 TCNT1H=0x00;
000147 bded      	OUT  0x2D,R30
                 ; 0000 00B2 TCNT1L=0x00;
000148 bdec      	OUT  0x2C,R30
                 ; 0000 00B3 ICR1H=0x00;
000149 bde7      	OUT  0x27,R30
                 ; 0000 00B4 ICR1L=0x00;
00014a bde6      	OUT  0x26,R30
                 ; 0000 00B5 OCR1AH=0x00;
00014b bdeb      	OUT  0x2B,R30
                 ; 0000 00B6 OCR1AL=0x00;
00014c bdea      	OUT  0x2A,R30
                 ; 0000 00B7 OCR1BH=0x00;
00014d bde9      	OUT  0x29,R30
                 ; 0000 00B8 OCR1BL=0x00;
00014e bde8      	OUT  0x28,R30
                 ; 0000 00B9 
                 ; 0000 00BA // Timer/Counter 2 initialization
                 ; 0000 00BB // Clock source: System Clock
                 ; 0000 00BC // Clock value: Timer2 Stopped
                 ; 0000 00BD // Mode: Normal top=0xFF
                 ; 0000 00BE // OC2 output: Disconnected
                 ; 0000 00BF ASSR=0<<AS2;
00014f bde2      	OUT  0x22,R30
                 ; 0000 00C0 TCCR2=(0<<PWM2) | (0<<COM21) | (0<<COM20) | (0<<CTC2) | (0<<CS22) | (0<<CS21) | (0<<CS20);
000150 bde5      	OUT  0x25,R30
                 ; 0000 00C1 TCNT2=0x00;
000151 bde4      	OUT  0x24,R30
                 ; 0000 00C2 OCR2=0x00;
000152 bde3      	OUT  0x23,R30
                 ; 0000 00C3 
                 ; 0000 00C4 // Timer(s)/Counter(s) Interrupt(s) initialization
                 ; 0000 00C5 TIMSK=(0<<OCIE2) | (0<<TOIE2) | (0<<TICIE1) | (0<<OCIE1A) | (0<<OCIE1B) | (0<<TOIE1) | (0<<OCIE0) | (0<<TOIE0);
000153 bfe9      	OUT  0x39,R30
                 ; 0000 00C6 
                 ; 0000 00C7 // External Interrupt(s) initialization
                 ; 0000 00C8 // INT0: Off
                 ; 0000 00C9 // INT1: Off
                 ; 0000 00CA // INT2: Off
                 ; 0000 00CB MCUCR=(0<<ISC11) | (0<<ISC10) | (0<<ISC01) | (0<<ISC00);
000154 bfe5      	OUT  0x35,R30
                 ; 0000 00CC MCUCSR=(0<<ISC2);
000155 bfe4      	OUT  0x34,R30
                 ; 0000 00CD 
                 ; 0000 00CE // USART initialization
                 ; 0000 00CF // Communication Parameters: 8 Data, 1 Stop, No Parity
                 ; 0000 00D0 // USART Receiver: On
                 ; 0000 00D1 // USART Transmitter: On
                 ; 0000 00D2 // USART Mode: Asynchronous
                 ; 0000 00D3 // USART Baud Rate: 1200
                 ; 0000 00D4 UCSRA=(0<<RXC) | (0<<TXC) | (0<<UDRE) | (0<<FE) | (0<<DOR) | (0<<UPE) | (0<<U2X) | (0<<MPCM);
000156 b9eb      	OUT  0xB,R30
                 ; 0000 00D5 UCSRB=(0<<RXCIE) | (0<<TXCIE) | (0<<UDRIE) | (1<<RXEN) | (1<<TXEN) | (0<<UCSZ2) | (0<<RXB8) | (0<<TXB8);
000157 e1e8      	LDI  R30,LOW(24)
000158 b9ea      	OUT  0xA,R30
                 ; 0000 00D6 UCSRC=(1<<URSEL) | (0<<UMSEL) | (0<<UPM1) | (0<<UPM0) | (0<<USBS) | (1<<UCSZ1) | (1<<UCSZ0) | (0<<UCPOL);
000159 e8e6      	LDI  R30,LOW(134)
00015a bde0      	OUT  0x20,R30
                 ; 0000 00D7 UBRRH=0x00;
00015b e0e0      	LDI  R30,LOW(0)
00015c bde0      	OUT  0x20,R30
                 ; 0000 00D8 UBRRL=0x33;
00015d e3e3      	LDI  R30,LOW(51)
00015e b9e9      	OUT  0x9,R30
                 ; 0000 00D9 
                 ; 0000 00DA // Analog Comparator initialization
                 ; 0000 00DB // Analog Comparator: Off
                 ; 0000 00DC // The Analog Comparator's positive input is
                 ; 0000 00DD // connected to the AIN0 pin
                 ; 0000 00DE // The Analog Comparator's negative input is
                 ; 0000 00DF // connected to the AIN1 pin
                 ; 0000 00E0 ACSR=(1<<ACD) | (0<<ACBG) | (0<<ACO) | (0<<ACI) | (0<<ACIE) | (0<<ACIC) | (0<<ACIS1) | (0<<ACIS0);
00015f e8e0      	LDI  R30,LOW(128)
000160 b9e8      	OUT  0x8,R30
                 ; 0000 00E1 SFIOR=(0<<ACME);
000161 e0e0      	LDI  R30,LOW(0)
000162 bfe0      	OUT  0x30,R30
                 ; 0000 00E2 
                 ; 0000 00E3 // ADC initialization
                 ; 0000 00E4 // ADC disabled
                 ; 0000 00E5 ADCSRA=(0<<ADEN) | (0<<ADSC) | (0<<ADATE) | (0<<ADIF) | (0<<ADIE) | (0<<ADPS2) | (0<<ADPS1) | (0<<ADPS0);
000163 b9e6      	OUT  0x6,R30
                 ; 0000 00E6 
                 ; 0000 00E7 // SPI initialization
                 ; 0000 00E8 // SPI disabled
                 ; 0000 00E9 SPCR=(0<<SPIE) | (0<<SPE) | (0<<DORD) | (0<<MSTR) | (0<<CPOL) | (0<<CPHA) | (0<<SPR1) | (0<<SPR0);
000164 b9ed      	OUT  0xD,R30
                 ; 0000 00EA 
                 ; 0000 00EB // TWI initialization
                 ; 0000 00EC // TWI disabled
                 ; 0000 00ED TWCR=(0<<TWEA) | (0<<TWSTA) | (0<<TWSTO) | (0<<TWEN) | (0<<TWIE);
000165 bfe6      	OUT  0x36,R30
                 ; 0000 00EE 
                 ; 0000 00EF while (1)
                 _0x1A:
                 ; 0000 00F0       {
                 ; 0000 00F1       Settime();
000166 df9a      	RCALL _Settime
                 ; 0000 00F2       Time();
000167 df3f      	RCALL _Time
                 ; 0000 00F3       }
000168 cffd      	RJMP _0x1A
                 ; 0000 00F4 }
                 _0x1D:
000169 cfff      	RJMP _0x1D
                 ; .FEND
                 	#ifndef __SLEEP_DEFINED__
                 	#endif
                 
                 	.CSEG
                 _putchar:
                 ; .FSTART _putchar
00016a 93aa      	ST   -Y,R26
                 putchar0:
00016b 9b5d           sbis usr,udre
00016c cffe           rjmp putchar0
00016d 81e8           ld   r30,y
00016e b9ec           out  udr,r30
00016f 9621      	ADIW R28,1
000170 9508      	RET
                 ; .FEND
                 _puts:
                 ; .FSTART _puts
000171 93ba      	ST   -Y,R27
000172 93aa      	ST   -Y,R26
000173 931a      	ST   -Y,R17
                 _0x2000003:
000174 81a9      	LDD  R26,Y+1
000175 81ba      	LDD  R27,Y+1+1
000176 91ed      	LD   R30,X+
000177 83a9      	STD  Y+1,R26
000178 83ba      	STD  Y+1+1,R27
000179 2f1e      	MOV  R17,R30
00017a 30e0      	CPI  R30,0
00017b f019      	BREQ _0x2000005
00017c 2fa1      	MOV  R26,R17
00017d dfec      	RCALL _putchar
00017e cff5      	RJMP _0x2000003
                 _0x2000005:
00017f e0aa      	LDI  R26,LOW(10)
000180 dfe9      	RCALL _putchar
000181 8118      	LDD  R17,Y+0
000182 c008      	RJMP _0x2060002
                 ; .FEND
                 _put_usart_G100:
                 ; .FSTART _put_usart_G100
000183 93ba      	ST   -Y,R27
000184 93aa      	ST   -Y,R26
000185 81aa      	LDD  R26,Y+2
000186 dfe3      	RCALL _putchar
000187 81a8      	LD   R26,Y
000188 81b9      	LDD  R27,Y+1
000189 940e 03c0 	CALL SUBOPT_0x4
                 _0x2060002:
00018b 9623      	ADIW R28,3
00018c 9508      	RET
                 ; .FEND
                 _put_buff_G100:
                 ; .FSTART _put_buff_G100
00018d 93ba      	ST   -Y,R27
00018e 93aa      	ST   -Y,R26
00018f 931a      	ST   -Y,R17
000190 930a      	ST   -Y,R16
000191 81aa      	LDD  R26,Y+2
000192 81bb      	LDD  R27,Y+2+1
000193 9612      	ADIW R26,2
000194 940e 0412 	CALL __GETW1P
000196 9730      	SBIW R30,0
000197 f129      	BREQ _0x2000010
000198 81aa      	LDD  R26,Y+2
000199 81bb      	LDD  R27,Y+2+1
00019a 9614      	ADIW R26,4
00019b 940e 0412 	CALL __GETW1P
00019d 018f      	MOVW R16,R30
00019e 9730      	SBIW R30,0
00019f f061      	BREQ _0x2000012
                +
0001a0 3002     +CPI R16 , LOW ( 2 )
0001a1 e0e0     +LDI R30 , HIGH ( 2 )
0001a2 071e     +CPC R17 , R30
                 	__CPWRN 16,17,2
0001a3 f080      	BRLO _0x2000013
0001a4 01f8      	MOVW R30,R16
0001a5 9731      	SBIW R30,1
0001a6 018f      	MOVW R16,R30
                +
0001a7 81aa     +LDD R26 , Y + 2
0001a8 81bb     +LDD R27 , Y + 2 + 1
0001a9 9614     +ADIW R26 , 4
0001aa 93ed     +ST X + , R30
0001ab 93fc     +ST X , R31
                 	__PUTW1SNS 2,4
                 _0x2000012:
0001ac 81aa      	LDD  R26,Y+2
0001ad 81bb      	LDD  R27,Y+2+1
0001ae 9612      	ADIW R26,2
0001af 940e 03c0 	CALL SUBOPT_0x4
0001b1 9731      	SBIW R30,1
0001b2 81ac      	LDD  R26,Y+4
0001b3 83a0      	STD  Z+0,R26
                 _0x2000013:
0001b4 81aa      	LDD  R26,Y+2
0001b5 81bb      	LDD  R27,Y+2+1
0001b6 940e 0412 	CALL __GETW1P
0001b8 23ff      	TST  R31
0001b9 f012      	BRMI _0x2000014
0001ba 940e 03c0 	CALL SUBOPT_0x4
                 _0x2000014:
0001bc c006      	RJMP _0x2000015
                 _0x2000010:
0001bd 81aa      	LDD  R26,Y+2
0001be 81bb      	LDD  R27,Y+2+1
0001bf efef      	LDI  R30,LOW(65535)
0001c0 efff      	LDI  R31,HIGH(65535)
0001c1 93ed      	ST   X+,R30
0001c2 93fc      	ST   X,R31
                 _0x2000015:
0001c3 8119      	LDD  R17,Y+1
0001c4 8108      	LDD  R16,Y+0
0001c5 9625      	ADIW R28,5
0001c6 9508      	RET
                 ; .FEND
                 __print_G100:
                 ; .FSTART __print_G100
0001c7 93ba      	ST   -Y,R27
0001c8 93aa      	ST   -Y,R26
0001c9 9726      	SBIW R28,6
0001ca 940e 041f 	CALL __SAVELOCR6
0001cc e010      	LDI  R17,0
0001cd 85ac      	LDD  R26,Y+12
0001ce 85bd      	LDD  R27,Y+12+1
0001cf e0e0      	LDI  R30,LOW(0)
0001d0 e0f0      	LDI  R31,HIGH(0)
0001d1 93ed      	ST   X+,R30
0001d2 93fc      	ST   X,R31
                 _0x2000016:
0001d3 89ea      	LDD  R30,Y+18
0001d4 89fb      	LDD  R31,Y+18+1
0001d5 9631      	ADIW R30,1
0001d6 8bea      	STD  Y+18,R30
0001d7 8bfb      	STD  Y+18+1,R31
0001d8 9731      	SBIW R30,1
0001d9 91e4      	LPM  R30,Z
0001da 2f2e      	MOV  R18,R30
0001db 30e0      	CPI  R30,0
0001dc f409      	BRNE PC+2
0001dd c115      	RJMP _0x2000018
0001de 2fe1      	MOV  R30,R17
0001df 30e0      	CPI  R30,0
0001e0 f439      	BRNE _0x200001C
0001e1 3225      	CPI  R18,37
0001e2 f411      	BRNE _0x200001D
0001e3 e011      	LDI  R17,LOW(1)
0001e4 c002      	RJMP _0x200001E
                 _0x200001D:
0001e5 940e 03c6 	CALL SUBOPT_0x5
                 _0x200001E:
0001e7 c10a      	RJMP _0x200001B
                 _0x200001C:
0001e8 30e1      	CPI  R30,LOW(0x1)
0001e9 f4a9      	BRNE _0x200001F
0001ea 3225      	CPI  R18,37
0001eb f419      	BRNE _0x2000020
0001ec 940e 03c6 	CALL SUBOPT_0x5
0001ee c102      	RJMP _0x20000CC
                 _0x2000020:
0001ef e012      	LDI  R17,LOW(2)
0001f0 e040      	LDI  R20,LOW(0)
0001f1 e000      	LDI  R16,LOW(0)
0001f2 322d      	CPI  R18,45
0001f3 f411      	BRNE _0x2000021
0001f4 e001      	LDI  R16,LOW(1)
0001f5 c0fc      	RJMP _0x200001B
                 _0x2000021:
0001f6 322b      	CPI  R18,43
0001f7 f411      	BRNE _0x2000022
0001f8 e24b      	LDI  R20,LOW(43)
0001f9 c0f8      	RJMP _0x200001B
                 _0x2000022:
0001fa 3220      	CPI  R18,32
0001fb f411      	BRNE _0x2000023
0001fc e240      	LDI  R20,LOW(32)
0001fd c0f4      	RJMP _0x200001B
                 _0x2000023:
0001fe c002      	RJMP _0x2000024
                 _0x200001F:
0001ff 30e2      	CPI  R30,LOW(0x2)
000200 f439      	BRNE _0x2000025
                 _0x2000024:
000201 e050      	LDI  R21,LOW(0)
000202 e013      	LDI  R17,LOW(3)
000203 3320      	CPI  R18,48
000204 f411      	BRNE _0x2000026
000205 6800      	ORI  R16,LOW(128)
000206 c0eb      	RJMP _0x200001B
                 _0x2000026:
000207 c003      	RJMP _0x2000027
                 _0x2000025:
000208 30e3      	CPI  R30,LOW(0x3)
000209 f009      	BREQ PC+2
00020a c0e7      	RJMP _0x200001B
                 _0x2000027:
00020b 3320      	CPI  R18,48
00020c f010      	BRLO _0x200002A
00020d 332a      	CPI  R18,58
00020e f008      	BRLO _0x200002B
                 _0x200002A:
00020f c007      	RJMP _0x2000029
                 _0x200002B:
000210 e0aa      	LDI  R26,LOW(10)
000211 9f5a      	MUL  R21,R26
000212 2d50      	MOV  R21,R0
000213 2fe2      	MOV  R30,R18
000214 53e0      	SUBI R30,LOW(48)
000215 0f5e      	ADD  R21,R30
000216 c0db      	RJMP _0x200001B
                 _0x2000029:
000217 2fe2      	MOV  R30,R18
000218 36e3      	CPI  R30,LOW(0x63)
000219 f449      	BRNE _0x200002F
00021a 940e 03cd 	CALL SUBOPT_0x6
00021c 89e8      	LDD  R30,Y+16
00021d 89f9      	LDD  R31,Y+16+1
00021e 81a4      	LDD  R26,Z+4
00021f 93aa      	ST   -Y,R26
000220 940e 03d3 	CALL SUBOPT_0x7
000222 c0ce      	RJMP _0x2000030
                 _0x200002F:
000223 37e3      	CPI  R30,LOW(0x73)
000224 f441      	BRNE _0x2000032
000225 940e 03cd 	CALL SUBOPT_0x6
000227 940e 03d9 	CALL SUBOPT_0x8
000229 940e 0348 	CALL _strlen
00022b 2f1e      	MOV  R17,R30
00022c c00a      	RJMP _0x2000033
                 _0x2000032:
00022d 37e0      	CPI  R30,LOW(0x70)
00022e f461      	BRNE _0x2000035
00022f 940e 03cd 	CALL SUBOPT_0x6
000231 940e 03d9 	CALL SUBOPT_0x8
000233 940e 0354 	CALL _strlenf
000235 2f1e      	MOV  R17,R30
000236 6008      	ORI  R16,LOW(8)
                 _0x2000033:
000237 6002      	ORI  R16,LOW(2)
000238 770f      	ANDI R16,LOW(127)
000239 e030      	LDI  R19,LOW(0)
00023a c034      	RJMP _0x2000036
                 _0x2000035:
00023b 36e4      	CPI  R30,LOW(0x64)
00023c f011      	BREQ _0x2000039
00023d 36e9      	CPI  R30,LOW(0x69)
00023e f411      	BRNE _0x200003A
                 _0x2000039:
00023f 6004      	ORI  R16,LOW(4)
000240 c002      	RJMP _0x200003B
                 _0x200003A:
000241 37e5      	CPI  R30,LOW(0x75)
000242 f431      	BRNE _0x200003C
                 _0x200003B:
000243 e5e4      	LDI  R30,LOW(_tbl10_G100*2)
000244 e0f0      	LDI  R31,HIGH(_tbl10_G100*2)
000245 83ee      	STD  Y+6,R30
000246 83ff      	STD  Y+6+1,R31
000247 e015      	LDI  R17,LOW(5)
000248 c00c      	RJMP _0x200003D
                 _0x200003C:
000249 35e8      	CPI  R30,LOW(0x58)
00024a f411      	BRNE _0x200003F
00024b 6008      	ORI  R16,LOW(8)
00024c c003      	RJMP _0x2000040
                 _0x200003F:
00024d 37e8      	CPI  R30,LOW(0x78)
00024e f009      	BREQ PC+2
00024f c0a1      	RJMP _0x2000071
                 _0x2000040:
000250 e5ee      	LDI  R30,LOW(_tbl16_G100*2)
000251 e0f0      	LDI  R31,HIGH(_tbl16_G100*2)
000252 83ee      	STD  Y+6,R30
000253 83ff      	STD  Y+6+1,R31
000254 e014      	LDI  R17,LOW(4)
                 _0x200003D:
000255 ff02      	SBRS R16,2
000256 c014      	RJMP _0x2000042
000257 940e 03cd 	CALL SUBOPT_0x6
000259 940e 03e3 	CALL SUBOPT_0x9
00025b 85ab      	LDD  R26,Y+11
00025c 23aa      	TST  R26
00025d f43a      	BRPL _0x2000043
00025e 85ea      	LDD  R30,Y+10
00025f 85fb      	LDD  R31,Y+10+1
000260 940e 0409 	CALL __ANEGW1
000262 87ea      	STD  Y+10,R30
000263 87fb      	STD  Y+10+1,R31
000264 e24d      	LDI  R20,LOW(45)
                 _0x2000043:
000265 3040      	CPI  R20,0
000266 f011      	BREQ _0x2000044
000267 5f1f      	SUBI R17,-LOW(1)
000268 c001      	RJMP _0x2000045
                 _0x2000044:
000269 7f0b      	ANDI R16,LOW(251)
                 _0x2000045:
00026a c004      	RJMP _0x2000046
                 _0x2000042:
00026b 940e 03cd 	CALL SUBOPT_0x6
00026d 940e 03e3 	CALL SUBOPT_0x9
                 _0x2000046:
                 _0x2000036:
00026f fd00      	SBRC R16,0
000270 c011      	RJMP _0x2000047
                 _0x2000048:
000271 1715      	CP   R17,R21
000272 f478      	BRSH _0x200004A
000273 ff07      	SBRS R16,7
000274 c008      	RJMP _0x200004B
000275 ff02      	SBRS R16,2
000276 c004      	RJMP _0x200004C
000277 7f0b      	ANDI R16,LOW(251)
000278 2f24      	MOV  R18,R20
000279 5011      	SUBI R17,LOW(1)
00027a c001      	RJMP _0x200004D
                 _0x200004C:
00027b e320      	LDI  R18,LOW(48)
                 _0x200004D:
00027c c001      	RJMP _0x200004E
                 _0x200004B:
00027d e220      	LDI  R18,LOW(32)
                 _0x200004E:
00027e 940e 03c6 	CALL SUBOPT_0x5
000280 5051      	SUBI R21,LOW(1)
000281 cfef      	RJMP _0x2000048
                 _0x200004A:
                 _0x2000047:
000282 2f31      	MOV  R19,R17
000283 ff01      	SBRS R16,1
000284 c017      	RJMP _0x200004F
                 _0x2000050:
000285 3030      	CPI  R19,0
000286 f0a1      	BREQ _0x2000052
000287 ff03      	SBRS R16,3
000288 c006      	RJMP _0x2000053
000289 81ee      	LDD  R30,Y+6
00028a 81ff      	LDD  R31,Y+6+1
00028b 9125      	LPM  R18,Z+
00028c 83ee      	STD  Y+6,R30
00028d 83ff      	STD  Y+6+1,R31
00028e c005      	RJMP _0x2000054
                 _0x2000053:
00028f 81ae      	LDD  R26,Y+6
000290 81bf      	LDD  R27,Y+6+1
000291 912d      	LD   R18,X+
000292 83ae      	STD  Y+6,R26
000293 83bf      	STD  Y+6+1,R27
                 _0x2000054:
000294 940e 03c6 	CALL SUBOPT_0x5
000296 3050      	CPI  R21,0
000297 f009      	BREQ _0x2000055
000298 5051      	SUBI R21,LOW(1)
                 _0x2000055:
000299 5031      	SUBI R19,LOW(1)
00029a cfea      	RJMP _0x2000050
                 _0x2000052:
00029b c04b      	RJMP _0x2000056
                 _0x200004F:
                 _0x2000058:
00029c e320      	LDI  R18,LOW(48)
00029d 81ee      	LDD  R30,Y+6
00029e 81ff      	LDD  R31,Y+6+1
00029f 940e 0416 	CALL __GETW1PF
0002a1 87e8      	STD  Y+8,R30
0002a2 87f9      	STD  Y+8+1,R31
0002a3 81ee      	LDD  R30,Y+6
0002a4 81ff      	LDD  R31,Y+6+1
0002a5 9632      	ADIW R30,2
0002a6 83ee      	STD  Y+6,R30
0002a7 83ff      	STD  Y+6+1,R31
                 _0x200005A:
0002a8 85e8      	LDD  R30,Y+8
0002a9 85f9      	LDD  R31,Y+8+1
0002aa 85aa      	LDD  R26,Y+10
0002ab 85bb      	LDD  R27,Y+10+1
0002ac 17ae      	CP   R26,R30
0002ad 07bf      	CPC  R27,R31
0002ae f050      	BRLO _0x200005C
0002af 5f2f      	SUBI R18,-LOW(1)
0002b0 85a8      	LDD  R26,Y+8
0002b1 85b9      	LDD  R27,Y+8+1
0002b2 85ea      	LDD  R30,Y+10
0002b3 85fb      	LDD  R31,Y+10+1
0002b4 1bea      	SUB  R30,R26
0002b5 0bfb      	SBC  R31,R27
0002b6 87ea      	STD  Y+10,R30
0002b7 87fb      	STD  Y+10+1,R31
0002b8 cfef      	RJMP _0x200005A
                 _0x200005C:
0002b9 332a      	CPI  R18,58
0002ba f028      	BRLO _0x200005D
0002bb ff03      	SBRS R16,3
0002bc c002      	RJMP _0x200005E
0002bd 5f29      	SUBI R18,-LOW(7)
0002be c001      	RJMP _0x200005F
                 _0x200005E:
0002bf 5d29      	SUBI R18,-LOW(39)
                 _0x200005F:
                 _0x200005D:
0002c0 fd04      	SBRC R16,4
0002c1 c01a      	RJMP _0x2000061
0002c2 3321      	CPI  R18,49
0002c3 f420      	BRSH _0x2000063
0002c4 85a8      	LDD  R26,Y+8
0002c5 85b9      	LDD  R27,Y+8+1
0002c6 9711      	SBIW R26,1
0002c7 f409      	BRNE _0x2000062
                 _0x2000063:
0002c8 c009      	RJMP _0x20000CD
                 _0x2000062:
0002c9 1753      	CP   R21,R19
0002ca f010      	BRLO _0x2000067
0002cb ff00      	SBRS R16,0
0002cc c001      	RJMP _0x2000068
                 _0x2000067:
0002cd c013      	RJMP _0x2000066
                 _0x2000068:
0002ce e220      	LDI  R18,LOW(32)
0002cf ff07      	SBRS R16,7
0002d0 c00b      	RJMP _0x2000069
0002d1 e320      	LDI  R18,LOW(48)
                 _0x20000CD:
0002d2 6100      	ORI  R16,LOW(16)
0002d3 ff02      	SBRS R16,2
0002d4 c007      	RJMP _0x200006A
0002d5 7f0b      	ANDI R16,LOW(251)
0002d6 934a      	ST   -Y,R20
0002d7 940e 03d3 	CALL SUBOPT_0x7
0002d9 3050      	CPI  R21,0
0002da f009      	BREQ _0x200006B
0002db 5051      	SUBI R21,LOW(1)
                 _0x200006B:
                 _0x200006A:
                 _0x2000069:
                 _0x2000061:
0002dc 940e 03c6 	CALL SUBOPT_0x5
0002de 3050      	CPI  R21,0
0002df f009      	BREQ _0x200006C
0002e0 5051      	SUBI R21,LOW(1)
                 _0x200006C:
                 _0x2000066:
0002e1 5031      	SUBI R19,LOW(1)
0002e2 85a8      	LDD  R26,Y+8
0002e3 85b9      	LDD  R27,Y+8+1
0002e4 9712      	SBIW R26,2
0002e5 f008      	BRLO _0x2000059
0002e6 cfb5      	RJMP _0x2000058
                 _0x2000059:
                 _0x2000056:
0002e7 ff00      	SBRS R16,0
0002e8 c008      	RJMP _0x200006D
                 _0x200006E:
0002e9 3050      	CPI  R21,0
0002ea f031      	BREQ _0x2000070
0002eb 5051      	SUBI R21,LOW(1)
0002ec e2e0      	LDI  R30,LOW(32)
0002ed 93ea      	ST   -Y,R30
0002ee 940e 03d3 	CALL SUBOPT_0x7
0002f0 cff8      	RJMP _0x200006E
                 _0x2000070:
                 _0x200006D:
                 _0x2000071:
                 _0x2000030:
                 _0x20000CC:
0002f1 e010      	LDI  R17,LOW(0)
                 _0x200001B:
0002f2 cee0      	RJMP _0x2000016
                 _0x2000018:
0002f3 85ac      	LDD  R26,Y+12
0002f4 85bd      	LDD  R27,Y+12+1
0002f5 940e 0412 	CALL __GETW1P
0002f7 940e 0426 	CALL __LOADLOCR6
0002f9 9664      	ADIW R28,20
0002fa 9508      	RET
                 ; .FEND
                 _sprintf:
                 ; .FSTART _sprintf
0002fb 92ff      	PUSH R15
0002fc 2ef8      	MOV  R15,R24
0002fd 9726      	SBIW R28,6
0002fe 940e 0421 	CALL __SAVELOCR4
000300 940e 03eb 	CALL SUBOPT_0xA
000302 9730      	SBIW R30,0
000303 f419      	BRNE _0x2000072
000304 efef      	LDI  R30,LOW(65535)
000305 efff      	LDI  R31,HIGH(65535)
000306 c01d      	RJMP _0x2060001
                 _0x2000072:
000307 01de      	MOVW R26,R28
000308 9616      	ADIW R26,6
000309 940e 0405 	CALL __ADDW2R15
00030b 018d      	MOVW R16,R26
00030c 940e 03eb 	CALL SUBOPT_0xA
00030e 83ee      	STD  Y+6,R30
00030f 83ff      	STD  Y+6+1,R31
000310 e0e0      	LDI  R30,LOW(0)
000311 87e8      	STD  Y+8,R30
000312 87e9      	STD  Y+8+1,R30
000313 01de      	MOVW R26,R28
000314 961a      	ADIW R26,10
000315 940e 03f2 	CALL SUBOPT_0xB
000317 e8ed      	LDI  R30,LOW(_put_buff_G100)
000318 e0f1      	LDI  R31,HIGH(_put_buff_G100)
000319 93fa      	ST   -Y,R31
00031a 93ea      	ST   -Y,R30
00031b 01de      	MOVW R26,R28
00031c 961a      	ADIW R26,10
00031d dea9      	RCALL __print_G100
00031e 019f      	MOVW R18,R30
00031f 81ae      	LDD  R26,Y+6
000320 81bf      	LDD  R27,Y+6+1
000321 e0e0      	LDI  R30,LOW(0)
000322 93ec      	ST   X,R30
000323 01f9      	MOVW R30,R18
                 _0x2060001:
000324 940e 0428 	CALL __LOADLOCR4
000326 962a      	ADIW R28,10
000327 90ff      	POP  R15
000328 9508      	RET
                 ; .FEND
                 _printf:
                 ; .FSTART _printf
000329 92ff      	PUSH R15
00032a 2ef8      	MOV  R15,R24
00032b 9726      	SBIW R28,6
00032c 931a      	ST   -Y,R17
00032d 930a      	ST   -Y,R16
00032e 01de      	MOVW R26,R28
00032f 9614      	ADIW R26,4
000330 940e 0405 	CALL __ADDW2R15
000332 018d      	MOVW R16,R26
000333 e0e0      	LDI  R30,LOW(0)
000334 83ec      	STD  Y+4,R30
000335 83ed      	STD  Y+4+1,R30
000336 83ee      	STD  Y+6,R30
000337 83ef      	STD  Y+6+1,R30
000338 01de      	MOVW R26,R28
000339 9618      	ADIW R26,8
00033a 940e 03f2 	CALL SUBOPT_0xB
00033c e8e3      	LDI  R30,LOW(_put_usart_G100)
00033d e0f1      	LDI  R31,HIGH(_put_usart_G100)
00033e 93fa      	ST   -Y,R31
00033f 93ea      	ST   -Y,R30
000340 01de      	MOVW R26,R28
000341 9618      	ADIW R26,8
000342 de84      	RCALL __print_G100
000343 8119      	LDD  R17,Y+1
000344 8108      	LDD  R16,Y+0
000345 9628      	ADIW R28,8
000346 90ff      	POP  R15
000347 9508      	RET
                 ; .FEND
                 
                 	.CSEG
                 
                 	.CSEG
                 _strlen:
                 ; .FSTART _strlen
000348 93ba      	ST   -Y,R27
000349 93aa      	ST   -Y,R26
00034a 91a9          ld   r26,y+
00034b 91b9          ld   r27,y+
00034c 27ee          clr  r30
00034d 27ff          clr  r31
                 strlen0:
00034e 916d          ld   r22,x+
00034f 2366          tst  r22
000350 f011          breq strlen1
000351 9631          adiw r30,1
000352 cffb          rjmp strlen0
                 strlen1:
000353 9508          ret
                 ; .FEND
                 _strlenf:
                 ; .FSTART _strlenf
000354 93ba      	ST   -Y,R27
000355 93aa      	ST   -Y,R26
000356 27aa          clr  r26
000357 27bb          clr  r27
000358 91e9          ld   r30,y+
000359 91f9          ld   r31,y+
                 strlenf0:
00035a 9005      	lpm  r0,z+
00035b 2000          tst  r0
00035c f011          breq strlenf1
00035d 9611          adiw r26,1
00035e cffb          rjmp strlenf0
                 strlenf1:
00035f 01fd          movw r30,r26
000360 9508          ret
                 ; .FEND
                 
                 	.DSEG
                 _year:
00028a           	.BYTE 0x2
                 _WT:
00028c           	.BYTE 0x64
                 
                 	.CSEG
                 ;OPTIMIZER ADDED SUBROUTINE, CALLED 2 TIMES, CODE SIZE REDUCTION:3 WORDS
                 SUBOPT_0x0:
                +
000361 e6ec     +LDI R30 , LOW ( 2 * _0x0 + ( 0 ) )
000362 e0f0     +LDI R31 , HIGH ( 2 * _0x0 + ( 0 ) )
                 	__POINTW1FN _0x0,0
000363 93fa      	ST   -Y,R31
000364 93ea      	ST   -Y,R30
000365 e080      	LDI  R24,0
000366 940e 0329 	CALL _printf
000368 9622      	ADIW R28,2
000369 9508      	RET
                 
                 ;OPTIMIZER ADDED SUBROUTINE, CALLED 2 TIMES, CODE SIZE REDUCTION:66 WORDS
                 SUBOPT_0x1:
00036a e0ad      	LDI  R26,LOW(13)
00036b 940e 016a 	CALL _putchar
00036d e8ec      	LDI  R30,LOW(_WT)
00036e e0f2      	LDI  R31,HIGH(_WT)
00036f 93fa      	ST   -Y,R31
000370 93ea      	ST   -Y,R30
                +
000371 e8e1     +LDI R30 , LOW ( 2 * _0x0 + ( 21 ) )
000372 e0f0     +LDI R31 , HIGH ( 2 * _0x0 + ( 21 ) )
                 	__POINTW1FN _0x0,21
000373 93fa      	ST   -Y,R31
000374 93ea      	ST   -Y,R30
000375 91e0 028a 	LDS  R30,_year
000377 91f0 028b 	LDS  R31,_year+1
000379 940e 040d 	CALL __CWD1
00037b 940e 041a 	CALL __PUTPARD1
00037d 01f6      	MOVW R30,R12
00037e 940e 040d 	CALL __CWD1
000380 940e 041a 	CALL __PUTPARD1
000382 01f5      	MOVW R30,R10
000383 940e 040d 	CALL __CWD1
000385 940e 041a 	CALL __PUTPARD1
000387 e08c      	LDI  R24,12
000388 940e 02fb 	CALL _sprintf
00038a 9660      	ADIW R28,16
00038b e8ac      	LDI  R26,LOW(_WT)
00038c e0b2      	LDI  R27,HIGH(_WT)
00038d 940e 0171 	CALL _puts
00038f e8ec      	LDI  R30,LOW(_WT)
000390 e0f2      	LDI  R31,HIGH(_WT)
000391 93fa      	ST   -Y,R31
000392 93ea      	ST   -Y,R30
                +
000393 e9e4     +LDI R30 , LOW ( 2 * _0x0 + ( 40 ) )
000394 e0f0     +LDI R31 , HIGH ( 2 * _0x0 + ( 40 ) )
                 	__POINTW1FN _0x0,40
000395 93fa      	ST   -Y,R31
000396 93ea      	ST   -Y,R30
000397 01f4      	MOVW R30,R8
000398 940e 040d 	CALL __CWD1
00039a 940e 041a 	CALL __PUTPARD1
00039c 01f3      	MOVW R30,R6
00039d 940e 040d 	CALL __CWD1
00039f 940e 041a 	CALL __PUTPARD1
0003a1 01f2      	MOVW R30,R4
0003a2 940e 040d 	CALL __CWD1
0003a4 940e 041a 	CALL __PUTPARD1
0003a6 e08c      	LDI  R24,12
0003a7 940e 02fb 	CALL _sprintf
0003a9 9660      	ADIW R28,16
0003aa e8ac      	LDI  R26,LOW(_WT)
0003ab e0b2      	LDI  R27,HIGH(_WT)
0003ac 940e 0171 	CALL _puts
0003ae e0ad      	LDI  R26,LOW(13)
0003af 940c 016a 	JMP  _putchar
                 
                 ;OPTIMIZER ADDED SUBROUTINE, CALLED 2 TIMES, CODE SIZE REDUCTION:1 WORDS
                 SUBOPT_0x2:
0003b1 2444      	CLR  R4
0003b2 2455      	CLR  R5
0003b3 2466      	CLR  R6
0003b4 2477      	CLR  R7
0003b5 2488      	CLR  R8
0003b6 2499      	CLR  R9
0003b7 9508      	RET
                 
                 ;OPTIMIZER ADDED SUBROUTINE, CALLED 2 TIMES, CODE SIZE REDUCTION:2 WORDS
                 SUBOPT_0x3:
0003b8 e8aa      	LDI  R26,LOW(_year)
0003b9 e0b2      	LDI  R27,HIGH(_year)
0003ba 91ed      	LD   R30,X+
0003bb 91fd      	LD   R31,X+
0003bc 9631      	ADIW R30,1
0003bd 93fe      	ST   -X,R31
0003be 93ee      	ST   -X,R30
0003bf 9508      	RET
                 
                 ;OPTIMIZER ADDED SUBROUTINE, CALLED 3 TIMES, CODE SIZE REDUCTION:3 WORDS
                 SUBOPT_0x4:
0003c0 91ed      	LD   R30,X+
0003c1 91fd      	LD   R31,X+
0003c2 9631      	ADIW R30,1
0003c3 93fe      	ST   -X,R31
0003c4 93ee      	ST   -X,R30
0003c5 9508      	RET
                 
                 ;OPTIMIZER ADDED SUBROUTINE, CALLED 5 TIMES, CODE SIZE REDUCTION:13 WORDS
                 SUBOPT_0x5:
0003c6 932a      	ST   -Y,R18
0003c7 85ad      	LDD  R26,Y+13
0003c8 85be      	LDD  R27,Y+13+1
0003c9 85ef      	LDD  R30,Y+15
0003ca 89f8      	LDD  R31,Y+15+1
0003cb 9509      	ICALL
0003cc 9508      	RET
                 
                 ;OPTIMIZER ADDED SUBROUTINE, CALLED 5 TIMES, CODE SIZE REDUCTION:9 WORDS
                 SUBOPT_0x6:
0003cd 89e8      	LDD  R30,Y+16
0003ce 89f9      	LDD  R31,Y+16+1
0003cf 9734      	SBIW R30,4
0003d0 8be8      	STD  Y+16,R30
0003d1 8bf9      	STD  Y+16+1,R31
0003d2 9508      	RET
                 
                 ;OPTIMIZER ADDED SUBROUTINE, CALLED 3 TIMES, CODE SIZE REDUCTION:3 WORDS
                 SUBOPT_0x7:
0003d3 85ad      	LDD  R26,Y+13
0003d4 85be      	LDD  R27,Y+13+1
0003d5 85ef      	LDD  R30,Y+15
0003d6 89f8      	LDD  R31,Y+15+1
0003d7 9509      	ICALL
0003d8 9508      	RET
                 
                 ;OPTIMIZER ADDED SUBROUTINE, CALLED 2 TIMES, CODE SIZE REDUCTION:4 WORDS
                 SUBOPT_0x8:
0003d9 89a8      	LDD  R26,Y+16
0003da 89b9      	LDD  R27,Y+16+1
0003db 9614      	ADIW R26,4
0003dc 940e 0412 	CALL __GETW1P
0003de 83ee      	STD  Y+6,R30
0003df 83ff      	STD  Y+6+1,R31
0003e0 81ae      	LDD  R26,Y+6
0003e1 81bf      	LDD  R27,Y+6+1
0003e2 9508      	RET
                 
                 ;OPTIMIZER ADDED SUBROUTINE, CALLED 2 TIMES, CODE SIZE REDUCTION:2 WORDS
                 SUBOPT_0x9:
0003e3 89a8      	LDD  R26,Y+16
0003e4 89b9      	LDD  R27,Y+16+1
0003e5 9614      	ADIW R26,4
0003e6 940e 0412 	CALL __GETW1P
0003e8 87ea      	STD  Y+10,R30
0003e9 87fb      	STD  Y+10+1,R31
0003ea 9508      	RET
                 
                 ;OPTIMIZER ADDED SUBROUTINE, CALLED 2 TIMES, CODE SIZE REDUCTION:1 WORDS
                 SUBOPT_0xA:
0003eb 01de      	MOVW R26,R28
0003ec 961c      	ADIW R26,12
0003ed 940e 0405 	CALL __ADDW2R15
0003ef 940e 0412 	CALL __GETW1P
0003f1 9508      	RET
                 
                 ;OPTIMIZER ADDED SUBROUTINE, CALLED 2 TIMES, CODE SIZE REDUCTION:3 WORDS
                 SUBOPT_0xB:
0003f2 940e 0405 	CALL __ADDW2R15
0003f4 940e 0412 	CALL __GETW1P
0003f6 93fa      	ST   -Y,R31
0003f7 93ea      	ST   -Y,R30
0003f8 931a      	ST   -Y,R17
0003f9 930a      	ST   -Y,R16
0003fa 9508      	RET
                 
                 
                 	.CSEG
                 _delay_ms:
0003fb 9610      	adiw r26,0
0003fc f039      	breq __delay_ms1
                 __delay_ms0:
0003fd 95a8      	wdr
                +
0003fe ef8a     +LDI R24 , LOW ( 0xFA )
0003ff e090     +LDI R25 , HIGH ( 0xFA )
                +__DELAY_USW_LOOP :
000400 9701     +SBIW R24 , 1
000401 f7f1     +BRNE __DELAY_USW_LOOP
                 	__DELAY_USW 0xFA
000402 9711      	sbiw r26,1
000403 f7c9      	brne __delay_ms0
                 __delay_ms1:
000404 9508      	ret
                 
                 __ADDW2R15:
000405 2400      	CLR  R0
000406 0daf      	ADD  R26,R15
000407 1db0      	ADC  R27,R0
000408 9508      	RET
                 
                 __ANEGW1:
000409 95f1      	NEG  R31
00040a 95e1      	NEG  R30
00040b 40f0      	SBCI R31,0
00040c 9508      	RET
                 
                 __CWD1:
00040d 2f6f      	MOV  R22,R31
00040e 0f66      	ADD  R22,R22
00040f 0b66      	SBC  R22,R22
000410 2f76      	MOV  R23,R22
000411 9508      	RET
                 
                 __GETW1P:
000412 91ed      	LD   R30,X+
000413 91fc      	LD   R31,X
000414 9711      	SBIW R26,1
000415 9508      	RET
                 
                 __GETW1PF:
000416 9005      	LPM  R0,Z+
000417 91f4      	LPM  R31,Z
000418 2de0      	MOV  R30,R0
000419 9508      	RET
                 
                 __PUTPARD1:
00041a 937a      	ST   -Y,R23
00041b 936a      	ST   -Y,R22
00041c 93fa      	ST   -Y,R31
00041d 93ea      	ST   -Y,R30
00041e 9508      	RET
                 
                 __SAVELOCR6:
00041f 935a      	ST   -Y,R21
                 __SAVELOCR5:
000420 934a      	ST   -Y,R20
                 __SAVELOCR4:
000421 933a      	ST   -Y,R19
                 __SAVELOCR3:
000422 932a      	ST   -Y,R18
                 __SAVELOCR2:
000423 931a      	ST   -Y,R17
000424 930a      	ST   -Y,R16
000425 9508      	RET
                 
                 __LOADLOCR6:
000426 815d      	LDD  R21,Y+5
                 __LOADLOCR5:
000427 814c      	LDD  R20,Y+4
                 __LOADLOCR4:
000428 813b      	LDD  R19,Y+3
                 __LOADLOCR3:
000429 812a      	LDD  R18,Y+2
                 __LOADLOCR2:
00042a 8119      	LDD  R17,Y+1
00042b 8108      	LD   R16,Y
00042c 9508      	RET
                 
                 ;END OF CODE MARKER
                 __END_OF_CODE:


RESOURCE USE INFORMATION
------------------------

Notice:
The register and instruction counts are symbol table hit counts,
and hence implicitly used resources are not counted, eg, the
'lpm' instruction without operands implicitly uses r0 and z,
none of which are counted.

x,y,z are separate entities in the symbol table and are
counted separately from r26..r31 here.

.dseg memory usage only counts static data declared with .byte

ATmega32 register use summary:
r0 :  11 r1 :   1 r2 :   0 r3 :   0 r4 :   6 r5 :   3 r6 :   8 r7 :   3 
r8 :   7 r9 :   2 r10:  10 r11:   4 r12:  14 r13:   6 r14:   0 r15:   7 
r16:  37 r17:  26 r18:  29 r19:   8 r20:   9 r21:  17 r22:  11 r23:   2 
r24:  14 r25:   3 r26:  88 r27:  43 r28:  20 r29:   1 r30: 242 r31:  90 
x  :  27 y  : 167 z  :  14 
Registers used: 32 out of 35 (91.4%)

ATmega32 instruction use summary:
.lds  :   0 .lds.l:   0 .sts  :   0 .sts.l:   0 adc   :   1 add   :   3 
adiw  :  39 and   :   0 andi  :   4 asr   :   0 bclr  :   0 bld   :   0 
brbc  :   0 brbs  :   0 brcc  :   0 brcs  :   0 break :   0 breq  :  16 
brge  :   2 brhc  :   0 brhs  :   0 brid  :   0 brie  :   0 brlo  :   7 
brlt  :   8 brmi  :   1 brne  :  23 brpl  :   1 brsh  :   2 brtc  :   0 
brts  :   0 brvc  :   0 brvs  :   0 bset  :   0 bst   :   0 call  :  73 
cbi   :   0 cbr   :   0 clc   :   0 clh   :   0 cli   :   1 cln   :   0 
clr   :  23 cls   :   0 clt   :   0 clv   :   0 clz   :   0 com   :   0 
cp    :  13 cpc   :  12 cpi   :  31 cpse  :   0 dec   :   1 des   :   0 
eor   :   0 fmul  :   0 fmuls :   0 fmulsu:   0 icall :   2 ijmp  :   0 
in    :   0 inc   :   0 jmp   :  23 ld    :  18 ldd   :  77 ldi   : 117 
lds   :   2 lpm   :  14 lsl   :   0 lsr   :   0 mov   :  16 movw  :  45 
mul   :   1 muls  :   0 mulsu :   0 neg   :   2 nop   :   0 or    :   0 
ori   :   6 out   :  45 pop   :   2 push  :   2 rcall :  16 ret   :  31 
reti  :   0 rjmp  :  69 rol   :   0 ror   :   0 sbc   :   2 sbci  :   1 
sbi   :   0 sbic  :   7 sbis  :   2 sbiw  :  20 sbr   :   0 sbrc  :   2 
sbrs  :  10 sec   :   0 seh   :   0 sei   :   0 sen   :   0 ser   :   0 
ses   :   0 set   :   0 sev   :   0 sez   :   0 sleep :   0 spm   :   0 
st    :  66 std   :  35 sts   :   2 sub   :   1 subi  :  13 swap  :   0 
tst   :   4 wdr   :   1 
Instructions used: 51 out of 116 (44.0%)

ATmega32 memory use summary [bytes]:
Segment   Begin    End      Code   Data   Used    Size   Use%
---------------------------------------------------------------
[.cseg] 0x000000 0x00085a   2026    112   2138   32768   6.5%
[.dseg] 0x000060 0x0002f0      0    144    144    2048   7.0%
[.eseg] 0x000000 0x000000      0      0      0    1024   0.0%

Assembly complete, 0 errors, 11 warnings
